[2019-01-14 04:59:14] with_slim_log.INFO: Request: GET / [[]] {"uid":"9eded96"}
[2019-01-14 04:59:14] with_slim_log.INFO: Response: 200 OK [] {"uid":"9eded96"}
[2019-03-29 05:53:34] with_slim_log.INFO: Request: GET / [[]] {"uid":"d3615c6"}
[2019-03-29 05:53:34] with_slim_log.INFO: Response: 200 OK [] {"uid":"d3615c6"}
[2019-05-29 18:50:06] with_slim_log.INFO: Request: GET / [[]] {"uid":"2071284"}
[2019-05-29 18:50:06] with_slim_log.INFO: Response: 200 OK [] {"uid":"2071284"}
[2019-05-29 18:50:10] with_slim_log.INFO: Request: GET /login [[]] {"uid":"b0176c9"}
[2019-05-29 18:50:10] with_slim_log.INFO: Response: 200 OK [] {"uid":"b0176c9"}
[2019-05-29 18:50:28] with_slim_log.INFO: Request: POST /login [[]] {"uid":"72a399c"}
[2019-05-29 18:50:28] with_slim_log.INFO: Response: 302 Found [] {"uid":"72a399c"}
[2019-05-29 18:50:28] with_slim_log.INFO: Request: GET / [[]] {"uid":"be037f9"}
[2019-05-29 18:50:28] with_slim_log.INFO: Response: 200 OK [] {"uid":"be037f9"}
[2019-05-29 18:50:32] with_slim_log.INFO: Request: GET /logout [[]] {"uid":"6e43e1d"}
[2019-05-29 18:50:32] with_slim_log.INFO: Response: 302 Found [] {"uid":"6e43e1d"}
[2019-05-29 18:50:32] with_slim_log.INFO: Request: GET / [[]] {"uid":"6821766"}
[2019-05-29 18:50:32] with_slim_log.INFO: Response: 200 OK [] {"uid":"6821766"}
[2019-05-29 18:50:33] with_slim_log.INFO: Request: GET / [[]] {"uid":"796381f"}
[2019-05-29 18:50:33] with_slim_log.INFO: Response: 200 OK [] {"uid":"796381f"}
[2019-05-29 18:50:33] with_slim_log.INFO: Request: GET / [[]] {"uid":"87c5875"}
[2019-05-29 18:50:33] with_slim_log.INFO: Response: 200 OK [] {"uid":"87c5875"}
[2019-05-29 18:50:34] with_slim_log.INFO: Request: GET / [[]] {"uid":"662ee58"}
[2019-05-29 18:50:34] with_slim_log.INFO: Response: 200 OK [] {"uid":"662ee58"}
[2019-05-29 18:50:34] with_slim_log.INFO: Request: GET / [[]] {"uid":"9b16737"}
[2019-05-29 18:50:34] with_slim_log.INFO: Response: 200 OK [] {"uid":"9b16737"}
[2019-05-29 18:52:08] with_slim_log.INFO: Request: GET / [[]] {"uid":"166d862"}
[2019-05-29 18:52:18] with_slim_log.INFO: Request: GET / [[]] {"uid":"79e08f3"}
[2019-05-29 18:52:18] with_slim_log.INFO: Response: 200 OK [] {"uid":"79e08f3"}
[2019-05-29 18:52:28] with_slim_log.INFO: Request: GET / [[]] {"uid":"6a3b10e"}
[2019-05-29 18:52:46] with_slim_log.INFO: Request: GET / [[]] {"uid":"6218c93"}
[2019-05-29 18:53:03] with_slim_log.INFO: Request: GET / [[]] {"uid":"9f79f4e"}
[2019-05-29 18:53:26] with_slim_log.INFO: Request: GET / [[]] {"uid":"90acb0e"}
[2019-05-29 18:53:59] with_slim_log.INFO: Request: GET / [[]] {"uid":"351ddb0"}
[2019-05-29 18:53:59] with_slim_log.INFO: Response: 303 See Other [] {"uid":"351ddb0"}
[2019-05-29 18:53:59] with_slim_log.INFO: Request: GET /login [[]] {"uid":"3055dd9"}
[2019-05-29 18:54:08] with_slim_log.INFO: Request: GET /login [[]] {"uid":"678b4a0"}
[2019-05-29 18:54:08] with_slim_log.INFO: Response: 200 OK [] {"uid":"678b4a0"}
[2019-05-29 18:54:21] with_slim_log.INFO: Request: GET /login [[]] {"uid":"62300e6"}
[2019-05-29 18:54:38] with_slim_log.INFO: Request: GET /login [[]] {"uid":"bc13f7c"}
[2019-05-29 18:54:38] with_slim_log.INFO: Response: 200 OK [] {"uid":"bc13f7c"}
[2019-05-29 19:07:18] with_slim_log.INFO: Request: GET / [[]] {"uid":"2defc6b"}
[2019-05-29 19:07:18] with_slim_log.INFO: Response: 303 See Other [] {"uid":"2defc6b"}
[2019-05-29 19:07:18] with_slim_log.INFO: Request: GET /login [[]] {"uid":"69cca45"}
[2019-05-29 19:07:18] with_slim_log.INFO: Response: 200 OK [] {"uid":"69cca45"}
[2019-05-29 19:07:43] with_slim_log.INFO: Request: GET /login [[]] {"uid":"3142f4c"}
[2019-05-29 19:07:43] with_slim_log.INFO: Response: 200 OK [] {"uid":"3142f4c"}
[2019-05-29 19:07:49] with_slim_log.INFO: Request: GET /login [[]] {"uid":"f5baa36"}
[2019-05-29 19:07:49] with_slim_log.INFO: Response: 200 OK [] {"uid":"f5baa36"}
[2019-05-29 19:08:00] with_slim_log.INFO: Request: GET /login [[]] {"uid":"b746a69"}
[2019-05-29 19:08:00] with_slim_log.INFO: Response: 200 OK [] {"uid":"b746a69"}
[2019-05-29 19:08:50] with_slim_log.INFO: Request: GET /login [[]] {"uid":"698936f"}
[2019-05-29 19:08:50] with_slim_log.INFO: Response: 200 OK [] {"uid":"698936f"}
[2019-05-29 19:08:53] with_slim_log.INFO: Request: GET /login [[]] {"uid":"e0cfe92"}
[2019-05-29 19:08:53] with_slim_log.INFO: Response: 200 OK [] {"uid":"e0cfe92"}
[2019-05-29 19:08:57] with_slim_log.INFO: Request: GET /login [[]] {"uid":"9f7db2c"}
[2019-05-29 19:08:57] with_slim_log.INFO: Response: 200 OK [] {"uid":"9f7db2c"}
[2019-05-29 19:09:13] with_slim_log.INFO: Request: GET /login [[]] {"uid":"bff27c0"}
[2019-05-29 19:09:13] with_slim_log.INFO: Response: 200 OK [] {"uid":"bff27c0"}
[2019-05-29 19:09:15] with_slim_log.INFO: Request: GET /login [[]] {"uid":"276a6c2"}
[2019-05-29 19:09:15] with_slim_log.INFO: Response: 200 OK [] {"uid":"276a6c2"}
[2019-05-29 19:09:22] with_slim_log.INFO: Request: GET /login [[]] {"uid":"b46265c"}
[2019-05-29 19:09:22] with_slim_log.INFO: Response: 200 OK [] {"uid":"b46265c"}
[2019-05-29 19:09:27] with_slim_log.INFO: Request: GET /login [[]] {"uid":"282c654"}
[2019-05-29 19:09:27] with_slim_log.INFO: Response: 200 OK [] {"uid":"282c654"}
[2019-05-29 19:09:29] with_slim_log.INFO: Request: GET /login [[]] {"uid":"efba712"}
[2019-05-29 19:09:29] with_slim_log.INFO: Response: 200 OK [] {"uid":"efba712"}
[2019-05-29 19:09:36] with_slim_log.INFO: Request: GET /login [[]] {"uid":"54e50eb"}
[2019-05-29 19:09:36] with_slim_log.INFO: Response: 200 OK [] {"uid":"54e50eb"}
[2019-05-29 19:09:41] with_slim_log.INFO: Request: GET /login [[]] {"uid":"98090a5"}
[2019-05-29 19:09:41] with_slim_log.INFO: Response: 200 OK [] {"uid":"98090a5"}
[2019-05-29 19:09:48] with_slim_log.INFO: Request: GET /login [[]] {"uid":"3593d29"}
[2019-05-29 19:09:48] with_slim_log.INFO: Response: 200 OK [] {"uid":"3593d29"}
[2019-05-29 19:10:49] with_slim_log.INFO: Request: GET /login [[]] {"uid":"9241d49"}
[2019-05-29 19:10:49] with_slim_log.INFO: Response: 200 OK [] {"uid":"9241d49"}
[2019-05-29 19:10:50] with_slim_log.INFO: Request: POST /login [[]] {"uid":"bd9248a"}
[2019-05-29 19:10:50] with_slim_log.INFO: Response: 302 Found [] {"uid":"bd9248a"}
[2019-05-29 19:10:50] with_slim_log.INFO: Request: GET /login [[]] {"uid":"807ede9"}
[2019-05-29 19:10:50] with_slim_log.INFO: Response: 200 OK [] {"uid":"807ede9"}
[2019-05-29 19:10:54] with_slim_log.INFO: Request: POST /login [[]] {"uid":"943cd14"}
[2019-05-29 19:10:54] with_slim_log.INFO: Response: 302 Found [] {"uid":"943cd14"}
[2019-05-29 19:10:54] with_slim_log.INFO: Request: GET /login [[]] {"uid":"6dbd8e9"}
[2019-05-29 19:10:54] with_slim_log.INFO: Response: 200 OK [] {"uid":"6dbd8e9"}
[2019-05-29 19:11:05] with_slim_log.INFO: Request: GET /login [[]] {"uid":"b82ec90"}
[2019-05-29 19:11:05] with_slim_log.INFO: Response: 200 OK [] {"uid":"b82ec90"}
[2019-05-29 19:11:06] with_slim_log.INFO: Request: POST /login [[]] {"uid":"4fc7465"}
[2019-05-29 19:11:06] with_slim_log.INFO: Response: 302 Found [] {"uid":"4fc7465"}
[2019-05-29 19:11:06] with_slim_log.INFO: Request: GET /login [[]] {"uid":"e8dfcd5"}
[2019-05-29 19:11:06] with_slim_log.INFO: Response: 200 OK [] {"uid":"e8dfcd5"}
[2019-05-29 19:11:13] with_slim_log.INFO: Request: GET /login [[]] {"uid":"31660c0"}
[2019-05-29 19:11:13] with_slim_log.INFO: Response: 200 OK [] {"uid":"31660c0"}
[2019-05-29 19:11:14] with_slim_log.INFO: Request: POST /login [[]] {"uid":"6479b18"}
[2019-05-29 19:11:14] with_slim_log.INFO: Response: 302 Found [] {"uid":"6479b18"}
[2019-05-29 19:11:14] with_slim_log.INFO: Request: GET /login [[]] {"uid":"f494867"}
[2019-05-29 19:11:14] with_slim_log.INFO: Response: 200 OK [] {"uid":"f494867"}
[2019-05-29 19:11:22] with_slim_log.INFO: Request: GET /login [[]] {"uid":"29c4dd8"}
[2019-05-29 19:11:22] with_slim_log.INFO: Response: 200 OK [] {"uid":"29c4dd8"}
[2019-05-29 19:11:37] with_slim_log.INFO: Request: GET /login [[]] {"uid":"3f0a8fd"}
[2019-05-29 19:11:37] with_slim_log.INFO: Response: 200 OK [] {"uid":"3f0a8fd"}
[2019-05-29 19:11:39] with_slim_log.INFO: Request: POST /login [[]] {"uid":"f339cd1"}
[2019-05-29 19:11:39] with_slim_log.INFO: Response: 302 Found [] {"uid":"f339cd1"}
[2019-05-29 19:11:39] with_slim_log.INFO: Request: GET /login [[]] {"uid":"64d96fb"}
[2019-05-29 19:11:39] with_slim_log.INFO: Response: 200 OK [] {"uid":"64d96fb"}
[2019-05-29 19:11:58] with_slim_log.INFO: Request: GET /login [[]] {"uid":"b47c00d"}
[2019-05-29 19:11:58] with_slim_log.INFO: Response: 200 OK [] {"uid":"b47c00d"}
[2019-05-29 19:12:01] with_slim_log.INFO: Request: POST /login [[]] {"uid":"ae5af6c"}
[2019-05-29 19:12:01] with_slim_log.INFO: Response: 302 Found [] {"uid":"ae5af6c"}
[2019-05-29 19:12:01] with_slim_log.INFO: Request: GET /login [[]] {"uid":"a487358"}
[2019-05-29 19:12:01] with_slim_log.INFO: Response: 200 OK [] {"uid":"a487358"}
[2019-05-29 19:13:13] with_slim_log.INFO: Request: GET /login [[]] {"uid":"28bf255"}
[2019-05-29 19:13:13] with_slim_log.INFO: Response: 200 OK [] {"uid":"28bf255"}
[2019-05-29 19:15:37] with_slim_log.INFO: Request: GET /login [[]] {"uid":"2cecc36"}
[2019-05-29 19:15:37] with_slim_log.INFO: Response: 200 OK [] {"uid":"2cecc36"}
[2019-05-29 19:15:41] with_slim_log.INFO: Request: GET /login [[]] {"uid":"15a14c2"}
[2019-05-29 19:15:41] with_slim_log.INFO: Response: 200 OK [] {"uid":"15a14c2"}
[2019-05-29 19:16:02] with_slim_log.INFO: Request: GET /login [[]] {"uid":"1cf4691"}
[2019-05-29 19:16:02] with_slim_log.INFO: Response: 200 OK [] {"uid":"1cf4691"}
[2019-05-29 19:16:04] with_slim_log.INFO: Request: GET /password/forgot [[]] {"uid":"b9cc234"}
[2019-05-29 19:18:54] with_slim_log.INFO: Request: GET /password/forgot [[]] {"uid":"7aedafe"}
[2019-05-29 19:19:23] with_slim_log.INFO: Request: GET /password/forgot [[]] {"uid":"6078cde"}
[2019-05-29 19:19:23] with_slim_log.INFO: Response: 200 OK [] {"uid":"6078cde"}
[2019-05-29 19:19:46] with_slim_log.INFO: Request: GET /password/forgot [[]] {"uid":"18df38a"}
[2019-05-29 19:19:46] with_slim_log.INFO: Response: 200 OK [] {"uid":"18df38a"}
[2019-05-29 19:19:47] with_slim_log.INFO: Request: GET /login [[]] {"uid":"89e245d"}
[2019-05-29 19:19:47] with_slim_log.INFO: Response: 200 OK [] {"uid":"89e245d"}
[2019-05-29 19:19:50] with_slim_log.INFO: Request: GET /password/forgot [[]] {"uid":"0ce8adf"}
[2019-05-29 19:19:50] with_slim_log.INFO: Response: 200 OK [] {"uid":"0ce8adf"}
[2019-05-29 19:22:03] with_slim_log.INFO: Request: GET /login [[]] {"uid":"e8cb1a5"}
[2019-05-29 19:22:03] with_slim_log.INFO: Response: 200 OK [] {"uid":"e8cb1a5"}
[2019-05-29 19:22:06] with_slim_log.INFO: Request: GET /password/forgot [[]] {"uid":"ab73fdb"}
[2019-05-29 19:22:06] with_slim_log.INFO: Response: 200 OK [] {"uid":"ab73fdb"}
[2019-05-29 19:27:47] with_slim_log.INFO: Request: GET /login [[]] {"uid":"2c88453"}
[2019-05-29 19:27:47] with_slim_log.INFO: Response: 200 OK [] {"uid":"2c88453"}
[2019-05-29 19:27:49] with_slim_log.INFO: Request: GET /password/forgot [[]] {"uid":"1cd9dd7"}
[2019-05-29 19:27:49] with_slim_log.INFO: Response: 200 OK [] {"uid":"1cd9dd7"}
[2019-05-29 19:27:50] with_slim_log.INFO: Request: GET /login [[]] {"uid":"e9951a6"}
[2019-05-29 19:27:50] with_slim_log.INFO: Response: 200 OK [] {"uid":"e9951a6"}
[2019-05-29 19:27:51] with_slim_log.INFO: Request: GET /password/forgot [[]] {"uid":"3c8de7a"}
[2019-05-29 19:27:51] with_slim_log.INFO: Response: 200 OK [] {"uid":"3c8de7a"}
[2019-05-29 19:27:52] with_slim_log.INFO: Request: GET /login [[]] {"uid":"0f24eed"}
[2019-05-29 19:27:52] with_slim_log.INFO: Response: 200 OK [] {"uid":"0f24eed"}
[2019-05-29 19:27:53] with_slim_log.INFO: Request: GET /password/forgot [[]] {"uid":"eeb9fbf"}
[2019-05-29 19:27:53] with_slim_log.INFO: Response: 200 OK [] {"uid":"eeb9fbf"}
[2019-05-29 19:34:18] with_slim_log.INFO: Request: GET /login [[]] {"uid":"8104b13"}
[2019-05-29 19:34:18] with_slim_log.INFO: Response: 200 OK [] {"uid":"8104b13"}
[2019-05-29 19:34:51] with_slim_log.INFO: Request: GET /login [[]] {"uid":"fe3edc6"}
[2019-05-29 19:34:51] with_slim_log.INFO: Response: 200 OK [] {"uid":"fe3edc6"}
[2019-05-29 19:34:55] with_slim_log.INFO: Request: GET /dashboard [[]] {"uid":"bdef234"}
[2019-05-29 19:34:55] with_slim_log.INFO: Response: 302 Found [] {"uid":"bdef234"}
[2019-05-29 19:34:55] with_slim_log.INFO: Request: GET /login [[]] {"uid":"987ba68"}
[2019-05-29 19:34:55] with_slim_log.INFO: Response: 200 OK [] {"uid":"987ba68"}
[2019-05-29 19:35:17] with_slim_log.INFO: Request: POST /login [[]] {"uid":"59010ca"}
[2019-05-29 19:36:49] with_slim_log.INFO: Request: GET /login [[]] {"uid":"6243790"}
[2019-05-29 19:36:50] with_slim_log.INFO: Request: GET /login [[]] {"uid":"2f118eb"}
[2019-05-29 19:37:09] with_slim_log.INFO: Request: GET /login [[]] {"uid":"df3f9ad"}
[2019-05-29 19:37:09] with_slim_log.INFO: Response: 302 Found [] {"uid":"df3f9ad"}
[2019-05-29 19:37:10] with_slim_log.INFO: Request: GET /dashboard [[]] {"uid":"d688486"}
[2019-05-29 19:37:39] with_slim_log.INFO: Request: GET /dashboard [[]] {"uid":"0cbaf89"}
[2019-05-29 19:37:39] with_slim_log.INFO: Response: 200 OK [] {"uid":"0cbaf89"}
[2019-05-29 19:37:43] with_slim_log.INFO: Request: GET /dashboard [[]] {"uid":"c0bde8b"}
[2019-05-29 19:37:43] with_slim_log.INFO: Response: 200 OK [] {"uid":"c0bde8b"}
[2019-05-29 19:37:53] with_slim_log.INFO: Request: GET /login [[]] {"uid":"3c51122"}
[2019-05-29 19:37:53] with_slim_log.INFO: Response: 302 Found [] {"uid":"3c51122"}
[2019-05-29 19:37:53] with_slim_log.INFO: Request: GET /dashboard [[]] {"uid":"c21956f"}
[2019-05-29 19:37:53] with_slim_log.INFO: Response: 200 OK [] {"uid":"c21956f"}
[2019-05-29 19:37:58] with_slim_log.INFO: Request: GET /dashboard [[]] {"uid":"d79be71"}
[2019-05-29 19:37:58] with_slim_log.INFO: Response: 200 OK [] {"uid":"d79be71"}
[2019-05-29 19:40:50] with_slim_log.INFO: Request: GET /dashboard [[]] {"uid":"cb58881"}
[2019-05-29 19:40:57] with_slim_log.INFO: Request: GET /dashboard [[]] {"uid":"6379386"}
[2019-05-29 19:40:57] with_slim_log.INFO: Response: 200 OK [] {"uid":"6379386"}
[2019-05-29 19:41:04] with_slim_log.INFO: Request: GET /dashboard [[]] {"uid":"ccbf7ce"}
[2019-05-29 19:41:32] with_slim_log.INFO: Request: GET /dashboard [[]] {"uid":"e88650e"}
[2019-05-29 19:41:48] with_slim_log.INFO: Request: GET /dashboard [[]] {"uid":"f3da0c3"}
[2019-05-29 19:41:48] with_slim_log.INFO: Response: 200 OK [] {"uid":"f3da0c3"}
[2019-05-29 19:42:21] with_slim_log.INFO: Request: GET /dashboard [[]] {"uid":"ffca631"}
[2019-05-29 19:42:21] with_slim_log.INFO: Response: 200 OK [] {"uid":"ffca631"}
[2019-05-29 19:43:39] with_slim_log.INFO: Request: GET /dashboard [[]] {"uid":"bec7314"}
[2019-05-29 19:43:39] with_slim_log.INFO: Response: 200 OK [] {"uid":"bec7314"}
[2019-05-29 19:44:45] with_slim_log.INFO: Request: GET /dashboard [[]] {"uid":"2329507"}
[2019-05-29 19:44:45] with_slim_log.INFO: Response: 200 OK [] {"uid":"2329507"}
[2019-05-29 19:45:02] with_slim_log.INFO: Request: GET /dashboard [[]] {"uid":"df6bac8"}
[2019-05-29 19:45:02] with_slim_log.INFO: Response: 200 OK [] {"uid":"df6bac8"}
[2019-05-29 19:45:38] with_slim_log.INFO: Request: GET /dashboard [[]] {"uid":"99800ce"}
[2019-05-29 19:45:38] with_slim_log.INFO: Response: 200 OK [] {"uid":"99800ce"}
[2019-05-29 19:45:50] with_slim_log.INFO: Request: GET /dashboard [[]] {"uid":"19e8311"}
[2019-05-29 19:45:50] with_slim_log.INFO: Response: 200 OK [] {"uid":"19e8311"}
[2019-05-29 19:46:33] with_slim_log.INFO: Request: GET /dashboard [[]] {"uid":"2419636"}
[2019-05-29 19:46:33] with_slim_log.INFO: Response: 200 OK [] {"uid":"2419636"}
[2019-05-29 19:46:54] with_slim_log.INFO: Request: GET /dashboard [[]] {"uid":"ee070fc"}
[2019-05-29 19:46:54] with_slim_log.INFO: Response: 200 OK [] {"uid":"ee070fc"}
[2019-05-29 19:47:09] with_slim_log.INFO: Request: GET /dashboard [[]] {"uid":"e77878d"}
[2019-05-29 19:47:09] with_slim_log.INFO: Response: 200 OK [] {"uid":"e77878d"}
[2019-05-29 19:47:18] with_slim_log.INFO: Request: GET /dashboard [[]] {"uid":"8eb1305"}
[2019-05-29 19:47:18] with_slim_log.INFO: Response: 200 OK [] {"uid":"8eb1305"}
[2019-05-29 19:47:31] with_slim_log.INFO: Request: GET /dashboard [[]] {"uid":"b658ce0"}
[2019-05-29 19:47:31] with_slim_log.INFO: Response: 200 OK [] {"uid":"b658ce0"}
[2019-05-29 19:47:36] with_slim_log.INFO: Request: GET /dashboard [[]] {"uid":"512aa27"}
[2019-05-29 19:47:36] with_slim_log.INFO: Response: 200 OK [] {"uid":"512aa27"}
[2019-05-29 19:48:51] with_slim_log.INFO: Request: GET /dashboard [[]] {"uid":"3ebde52"}
[2019-05-29 19:48:51] with_slim_log.INFO: Response: 200 OK [] {"uid":"3ebde52"}
[2019-05-29 19:49:07] with_slim_log.INFO: Request: GET /dashboard [[]] {"uid":"2ca23e8"}
[2019-05-29 19:49:07] with_slim_log.INFO: Response: 200 OK [] {"uid":"2ca23e8"}
[2019-05-29 19:49:08] with_slim_log.INFO: Request: GET /dashboard [[]] {"uid":"49d1181"}
[2019-05-29 19:49:08] with_slim_log.INFO: Response: 200 OK [] {"uid":"49d1181"}
[2019-05-29 19:49:20] with_slim_log.INFO: Request: GET / [[]] {"uid":"c3454a5"}
[2019-05-29 19:49:20] with_slim_log.INFO: Response: 303 See Other [] {"uid":"c3454a5"}
[2019-05-29 19:49:20] with_slim_log.INFO: Request: GET /login [[]] {"uid":"f81f644"}
[2019-05-29 19:49:20] with_slim_log.INFO: Response: 302 Found [] {"uid":"f81f644"}
[2019-05-29 19:49:21] with_slim_log.INFO: Request: GET /dashboard [[]] {"uid":"be0a1d7"}
[2019-05-29 19:49:21] with_slim_log.INFO: Response: 200 OK [] {"uid":"be0a1d7"}
[2019-05-29 19:50:03] with_slim_log.INFO: Request: GET /dashboard [[]] {"uid":"4fdc3f2"}
[2019-05-29 19:50:03] with_slim_log.INFO: Response: 200 OK [] {"uid":"4fdc3f2"}
[2019-05-29 19:50:05] with_slim_log.INFO: Request: GET /logout [[]] {"uid":"b832137"}
[2019-05-29 19:50:05] with_slim_log.INFO: Response: 302 Found [] {"uid":"b832137"}
[2019-05-29 19:50:06] with_slim_log.INFO: Request: GET /login [[]] {"uid":"b1931c6"}
[2019-05-29 19:50:06] with_slim_log.INFO: Response: 200 OK [] {"uid":"b1931c6"}
[2019-05-29 19:50:12] with_slim_log.INFO: Request: POST /login [[]] {"uid":"38ffce9"}
[2019-05-29 19:50:13] with_slim_log.INFO: Response: 302 Found [] {"uid":"38ffce9"}
[2019-05-29 19:50:13] with_slim_log.INFO: Request: GET /dashboard [[]] {"uid":"4291f4e"}
[2019-05-29 19:50:13] with_slim_log.INFO: Response: 200 OK [] {"uid":"4291f4e"}
[2019-05-29 19:50:16] with_slim_log.INFO: Request: GET /dashboard [[]] {"uid":"1d45c0d"}
[2019-05-29 19:50:16] with_slim_log.INFO: Response: 200 OK [] {"uid":"1d45c0d"}
[2019-05-29 19:50:41] with_slim_log.INFO: Request: GET /dashboard [[]] {"uid":"31fe554"}
[2019-05-29 19:50:41] with_slim_log.INFO: Response: 200 OK [] {"uid":"31fe554"}
[2019-05-29 19:50:42] with_slim_log.INFO: Request: GET /dashboard [[]] {"uid":"c80c5c2"}
[2019-05-29 19:50:42] with_slim_log.INFO: Response: 200 OK [] {"uid":"c80c5c2"}
[2019-05-29 19:50:43] with_slim_log.INFO: Request: GET /dashboard [[]] {"uid":"4ff69d0"}
[2019-05-29 19:50:43] with_slim_log.INFO: Response: 200 OK [] {"uid":"4ff69d0"}
[2019-05-29 19:50:46] with_slim_log.INFO: Request: GET /dashboard [[]] {"uid":"c9f5a87"}
[2019-05-29 19:50:46] with_slim_log.INFO: Response: 200 OK [] {"uid":"c9f5a87"}
[2019-05-29 20:59:32] with_slim_log.INFO: Request: GET / [[]] {"uid":"99ac196"}
[2019-05-29 20:59:32] with_slim_log.INFO: Response: 303 See Other [] {"uid":"99ac196"}
[2019-05-29 20:59:32] with_slim_log.INFO: Request: GET /login [[]] {"uid":"4a38ebd"}
[2019-05-29 20:59:33] with_slim_log.INFO: Response: 200 OK [] {"uid":"4a38ebd"}
[2019-05-29 20:59:41] with_slim_log.INFO: Request: POST /login [[]] {"uid":"fc8d744"}
[2019-05-29 20:59:42] with_slim_log.INFO: Response: 302 Found [] {"uid":"fc8d744"}
[2019-05-29 20:59:43] with_slim_log.INFO: Request: GET /dashboard [[]] {"uid":"7c6be7e"}
[2019-05-29 20:59:43] with_slim_log.INFO: Response: 200 OK [] {"uid":"7c6be7e"}
[2019-05-29 21:02:23] with_slim_log.INFO: Request: GET  [] {"uid":"d00e80b"}
[2019-05-29 21:02:23] with_slim_log.INFO: Response: 200 OK [] {"uid":"d00e80b"}
[2019-05-29 21:02:30] with_slim_log.INFO: Request: GET  [] {"uid":"2a587a6"}
[2019-05-29 21:02:30] with_slim_log.INFO: Response: 200 OK [] {"uid":"2a587a6"}
[2019-05-29 21:02:52] with_slim_log.INFO: Request: GET  [] {"uid":"7aa6dc7"}
[2019-05-29 21:02:52] with_slim_log.INFO: Response: 200 OK [] {"uid":"7aa6dc7"}
[2019-05-29 21:02:54] with_slim_log.INFO: Request: GET  [] {"uid":"2747b33"}
[2019-05-29 21:02:54] with_slim_log.INFO: Response: 200 OK [] {"uid":"2747b33"}
[2019-05-29 21:02:58] with_slim_log.INFO: Request: GET  [] {"uid":"d47c6de"}
[2019-05-29 21:02:58] with_slim_log.INFO: Response: 200 OK [] {"uid":"d47c6de"}
[2019-05-29 21:04:12] with_slim_log.INFO: Request: GET  [] {"uid":"558cae6"}
[2019-05-29 21:04:12] with_slim_log.INFO: Response: 200 OK [] {"uid":"558cae6"}
[2019-05-29 21:04:29] with_slim_log.INFO: Request: GET  [] {"uid":"32e2494"}
[2019-05-29 21:04:29] with_slim_log.INFO: Response: 200 OK [] {"uid":"32e2494"}
[2019-05-29 21:04:33] with_slim_log.INFO: Request: GET  [] {"uid":"685f70e"}
[2019-05-29 21:04:33] with_slim_log.INFO: Response: 200 OK [] {"uid":"685f70e"}
[2019-05-29 21:04:40] with_slim_log.INFO: Request: GET  [] {"uid":"a4e7206"}
[2019-05-29 21:04:40] with_slim_log.INFO: Response: 200 OK [] {"uid":"a4e7206"}
[2019-05-29 21:07:21] with_slim_log.INFO: Request: GET  [] {"uid":"e76c77a"}
[2019-05-29 21:07:21] with_slim_log.INFO: Response: 200 OK [] {"uid":"e76c77a"}
[2019-05-29 21:07:41] with_slim_log.INFO: Request: GET  [] {"uid":"250449f"}
[2019-05-29 21:07:41] with_slim_log.INFO: Response: 200 OK [] {"uid":"250449f"}
[2019-05-29 21:08:33] with_slim_log.INFO: Request: GET  [] {"uid":"7aed414"}
[2019-05-29 21:08:33] with_slim_log.INFO: Response: 200 OK [] {"uid":"7aed414"}
[2019-05-29 21:08:40] with_slim_log.INFO: Request: GET  [] {"uid":"5b523c0"}
[2019-05-29 21:08:40] with_slim_log.INFO: Response: 200 OK [] {"uid":"5b523c0"}
[2019-05-29 21:08:50] with_slim_log.INFO: Request: GET  [] {"uid":"0d65c38"}
[2019-05-29 21:08:50] with_slim_log.INFO: Response: 200 OK [] {"uid":"0d65c38"}
[2019-05-29 21:09:48] with_slim_log.INFO: Request: GET  [] {"uid":"d20c074"}
[2019-05-29 21:09:48] with_slim_log.INFO: Response: 200 OK [] {"uid":"d20c074"}
[2019-05-29 21:10:08] with_slim_log.INFO: Request: GET  [] {"uid":"3bdcdae"}
[2019-05-29 21:10:08] with_slim_log.INFO: Response: 200 OK [] {"uid":"3bdcdae"}
[2019-05-29 21:10:16] with_slim_log.INFO: Request: GET  [] {"uid":"0d61b10"}
[2019-05-29 21:10:16] with_slim_log.INFO: Response: 200 OK [] {"uid":"0d61b10"}
[2019-05-29 21:10:40] with_slim_log.INFO: Request: GET  [] {"uid":"ae2761e"}
[2019-05-29 21:10:40] with_slim_log.INFO: Response: 200 OK [] {"uid":"ae2761e"}
[2019-05-29 21:11:57] with_slim_log.INFO: Request: GET  [] {"uid":"00c780b"}
[2019-05-29 21:11:58] with_slim_log.INFO: Response: 200 OK [] {"uid":"00c780b"}
[2019-05-29 21:12:08] with_slim_log.INFO: Request: GET  [] {"uid":"a53284b"}
[2019-05-29 21:12:08] with_slim_log.INFO: Response: 200 OK [] {"uid":"a53284b"}
[2019-05-29 21:13:18] with_slim_log.INFO: Request: GET  [] {"uid":"f639eff"}
[2019-05-29 21:13:18] with_slim_log.INFO: Response: 200 OK [] {"uid":"f639eff"}
[2019-05-29 21:13:38] with_slim_log.INFO: Request: GET  [] {"uid":"cc2f5ec"}
[2019-05-29 21:13:38] with_slim_log.INFO: Response: 200 OK [] {"uid":"cc2f5ec"}
[2019-05-29 21:14:08] with_slim_log.INFO: Request: GET  [] {"uid":"e76033b"}
[2019-05-29 21:14:08] with_slim_log.INFO: Response: 200 OK [] {"uid":"e76033b"}
[2019-05-29 21:15:37] with_slim_log.INFO: Request: GET  [] {"uid":"17c9e6f"}
[2019-05-29 21:15:37] with_slim_log.INFO: Response: 200 OK [] {"uid":"17c9e6f"}
[2019-05-29 21:15:50] with_slim_log.INFO: Request: GET  [] {"uid":"f1d67cb"}
[2019-05-29 21:15:50] with_slim_log.INFO: Response: 200 OK [] {"uid":"f1d67cb"}
[2019-05-29 21:16:48] with_slim_log.INFO: Request: GET  [] {"uid":"205044f"}
[2019-05-29 21:16:48] with_slim_log.INFO: Response: 200 OK [] {"uid":"205044f"}
[2019-05-29 21:17:31] with_slim_log.INFO: Request: GET  [] {"uid":"e26de03"}
[2019-05-29 21:17:31] with_slim_log.INFO: Response: 200 OK [] {"uid":"e26de03"}
[2019-05-29 21:17:32] with_slim_log.INFO: Request: GET  [] {"uid":"9f8f9b0"}
[2019-05-29 21:17:32] with_slim_log.INFO: Response: 200 OK [] {"uid":"9f8f9b0"}
[2019-05-29 21:17:33] with_slim_log.INFO: Request: GET  [] {"uid":"88b4f90"}
[2019-05-29 21:17:33] with_slim_log.INFO: Response: 200 OK [] {"uid":"88b4f90"}
[2019-05-29 21:19:07] with_slim_log.INFO: Request: GET  [] {"uid":"9618aab"}
[2019-05-29 21:19:08] with_slim_log.INFO: Response: 200 OK [] {"uid":"9618aab"}
[2019-05-29 21:19:09] with_slim_log.INFO: Request: GET  [] {"uid":"6d94937"}
[2019-05-29 21:19:09] with_slim_log.INFO: Response: 200 OK [] {"uid":"6d94937"}
[2019-05-29 21:19:10] with_slim_log.INFO: Request: GET  [] {"uid":"2b4c0dc"}
[2019-05-29 21:19:10] with_slim_log.INFO: Response: 200 OK [] {"uid":"2b4c0dc"}
[2019-05-29 21:19:11] with_slim_log.INFO: Request: GET  [] {"uid":"7c5b5a8"}
[2019-05-29 21:19:11] with_slim_log.INFO: Response: 200 OK [] {"uid":"7c5b5a8"}
[2019-05-29 21:19:12] with_slim_log.INFO: Request: GET  [] {"uid":"e86d267"}
[2019-05-29 21:19:12] with_slim_log.INFO: Response: 200 OK [] {"uid":"e86d267"}
[2019-05-29 21:19:15] with_slim_log.INFO: Request: GET  [] {"uid":"21c5352"}
[2019-05-29 21:19:15] with_slim_log.INFO: Response: 200 OK [] {"uid":"21c5352"}
[2019-05-29 21:20:34] with_slim_log.INFO: Request: GET  [] {"uid":"a7fbbd9"}
[2019-05-29 21:20:34] with_slim_log.INFO: Response: 200 OK [] {"uid":"a7fbbd9"}
[2019-05-29 21:21:26] with_slim_log.INFO: Request: GET  [] {"uid":"7034e3c"}
[2019-05-29 21:21:26] with_slim_log.INFO: Response: 200 OK [] {"uid":"7034e3c"}
[2019-05-29 21:21:27] with_slim_log.INFO: Request: GET  [] {"uid":"906f534"}
[2019-05-29 21:21:27] with_slim_log.INFO: Response: 200 OK [] {"uid":"906f534"}
[2019-05-29 21:21:28] with_slim_log.INFO: Request: GET  [] {"uid":"369a343"}
[2019-05-29 21:21:28] with_slim_log.INFO: Response: 200 OK [] {"uid":"369a343"}
[2019-05-29 21:21:32] with_slim_log.INFO: Request: GET  [] {"uid":"2d9ca74"}
[2019-05-29 21:21:32] with_slim_log.INFO: Response: 200 OK [] {"uid":"2d9ca74"}
[2019-05-29 21:22:10] with_slim_log.INFO: Request: GET  [] {"uid":"20ae995"}
[2019-05-29 21:22:10] with_slim_log.INFO: Response: 200 OK [] {"uid":"20ae995"}
[2019-05-29 21:22:39] with_slim_log.INFO: Request: GET  [] {"uid":"4cb998b"}
[2019-05-29 21:22:39] with_slim_log.INFO: Response: 200 OK [] {"uid":"4cb998b"}
[2019-05-29 21:23:17] with_slim_log.INFO: Request: GET  [] {"uid":"55c26ef"}
[2019-05-29 21:23:17] with_slim_log.INFO: Response: 200 OK [] {"uid":"55c26ef"}
[2019-05-29 21:23:45] with_slim_log.INFO: Request: GET  [] {"uid":"d96d253"}
[2019-05-29 21:23:45] with_slim_log.INFO: Response: 200 OK [] {"uid":"d96d253"}
[2019-05-29 21:24:04] with_slim_log.INFO: Request: GET  [] {"uid":"ccd8afa"}
[2019-05-29 21:24:04] with_slim_log.INFO: Response: 200 OK [] {"uid":"ccd8afa"}
[2019-05-29 21:25:11] with_slim_log.INFO: Request: GET  [] {"uid":"03bc1e2"}
[2019-05-29 21:25:11] with_slim_log.INFO: Response: 200 OK [] {"uid":"03bc1e2"}
[2019-05-29 21:27:00] with_slim_log.INFO: Request: GET  [] {"uid":"adcea21"}
[2019-05-29 21:27:00] with_slim_log.INFO: Response: 200 OK [] {"uid":"adcea21"}
[2019-05-29 21:27:32] with_slim_log.INFO: Request: GET  [] {"uid":"ed9cb69"}
[2019-05-29 21:27:32] with_slim_log.INFO: Response: 200 OK [] {"uid":"ed9cb69"}
[2019-05-29 21:27:46] with_slim_log.INFO: Request: GET  [] {"uid":"c5f4553"}
[2019-05-29 21:27:46] with_slim_log.INFO: Response: 200 OK [] {"uid":"c5f4553"}
[2019-05-29 21:27:53] with_slim_log.INFO: Request: GET  [] {"uid":"352ec83"}
[2019-05-29 21:27:53] with_slim_log.INFO: Response: 200 OK [] {"uid":"352ec83"}
[2019-05-29 21:29:31] with_slim_log.INFO: Request: GET  [] {"uid":"22777df"}
[2019-05-29 21:31:56] with_slim_log.INFO: Request: GET  [] {"uid":"47d10a5"}
[2019-05-29 21:31:56] with_slim_log.INFO: Response: 200 OK [] {"uid":"47d10a5"}
[2019-05-29 21:32:39] with_slim_log.INFO: Request: GET  [] {"uid":"2cbba60"}
[2019-05-29 21:32:39] with_slim_log.INFO: Response: 200 OK [] {"uid":"2cbba60"}
[2019-05-29 21:33:37] with_slim_log.INFO: Request: GET  [] {"uid":"cb2c5b9"}
[2019-05-29 21:33:37] with_slim_log.INFO: Response: 200 OK [] {"uid":"cb2c5b9"}
[2019-05-29 21:35:53] with_slim_log.INFO: Request: GET  [] {"uid":"6a664fb"}
[2019-05-29 21:35:53] with_slim_log.INFO: Response: 200 OK [] {"uid":"6a664fb"}
[2019-05-29 21:36:40] with_slim_log.INFO: Request: GET  [] {"uid":"30794e7"}
[2019-05-29 21:36:40] with_slim_log.INFO: Response: 200 OK [] {"uid":"30794e7"}
[2019-05-29 21:37:23] with_slim_log.INFO: Request: GET  [] {"uid":"f48581e"}
[2019-05-29 21:37:23] with_slim_log.INFO: Response: 200 OK [] {"uid":"f48581e"}
[2019-05-29 21:37:34] with_slim_log.INFO: Request: GET  [] {"uid":"e8c550d"}
[2019-05-29 21:37:34] with_slim_log.INFO: Response: 200 OK [] {"uid":"e8c550d"}
[2019-05-29 21:37:40] with_slim_log.INFO: Request: GET  [] {"uid":"1ecc26a"}
[2019-05-29 21:37:40] with_slim_log.INFO: Response: 200 OK [] {"uid":"1ecc26a"}
[2019-05-29 21:37:49] with_slim_log.INFO: Request: GET  [] {"uid":"d351090"}
[2019-05-29 21:37:49] with_slim_log.INFO: Response: 200 OK [] {"uid":"d351090"}
[2019-05-29 21:37:58] with_slim_log.INFO: Request: GET  [] {"uid":"2ede02b"}
[2019-05-29 21:37:58] with_slim_log.INFO: Response: 200 OK [] {"uid":"2ede02b"}
[2019-05-29 21:38:12] with_slim_log.INFO: Request: GET  [] {"uid":"190b302"}
[2019-05-29 21:38:12] with_slim_log.INFO: Response: 200 OK [] {"uid":"190b302"}
[2019-05-29 21:38:20] with_slim_log.INFO: Request: GET  [] {"uid":"58f7f53"}
[2019-05-29 21:38:20] with_slim_log.INFO: Response: 200 OK [] {"uid":"58f7f53"}
[2019-05-29 21:38:31] with_slim_log.INFO: Request: GET  [] {"uid":"1c50df6"}
[2019-05-29 21:38:31] with_slim_log.INFO: Response: 200 OK [] {"uid":"1c50df6"}
[2019-05-29 21:38:52] with_slim_log.INFO: Request: GET  [] {"uid":"d7fafd9"}
[2019-05-29 21:38:52] with_slim_log.INFO: Response: 200 OK [] {"uid":"d7fafd9"}
[2019-05-29 21:40:23] with_slim_log.INFO: Request: GET  [] {"uid":"f1b8d70"}
[2019-05-29 21:40:23] with_slim_log.INFO: Response: 200 OK [] {"uid":"f1b8d70"}
[2019-05-29 21:40:37] with_slim_log.INFO: Request: GET  [] {"uid":"bb7655a"}
[2019-05-29 21:40:37] with_slim_log.INFO: Response: 200 OK [] {"uid":"bb7655a"}
[2019-05-29 21:40:45] with_slim_log.INFO: Request: GET  [] {"uid":"5b14384"}
[2019-05-29 21:40:45] with_slim_log.INFO: Response: 200 OK [] {"uid":"5b14384"}
[2019-05-29 21:40:54] with_slim_log.INFO: Request: GET  [] {"uid":"0edfcf7"}
[2019-05-29 21:40:54] with_slim_log.INFO: Response: 200 OK [] {"uid":"0edfcf7"}
[2019-05-29 21:41:06] with_slim_log.INFO: Request: GET  [] {"uid":"52e2ca7"}
[2019-05-29 21:41:06] with_slim_log.INFO: Response: 200 OK [] {"uid":"52e2ca7"}
[2019-05-29 21:41:37] with_slim_log.INFO: Request: GET  [] {"uid":"afe816e"}
[2019-05-29 21:41:37] with_slim_log.INFO: Response: 200 OK [] {"uid":"afe816e"}
[2019-05-29 21:42:30] with_slim_log.INFO: Request: GET  [] {"uid":"740174c"}
[2019-05-29 21:42:30] with_slim_log.INFO: Response: 200 OK [] {"uid":"740174c"}
[2019-05-29 21:42:33] with_slim_log.INFO: Request: GET  [] {"uid":"58b892a"}
[2019-05-29 21:42:33] with_slim_log.INFO: Response: 200 OK [] {"uid":"58b892a"}
[2019-05-29 21:42:59] with_slim_log.INFO: Request: GET  [] {"uid":"dd91000"}
[2019-05-29 21:42:59] with_slim_log.INFO: Response: 200 OK [] {"uid":"dd91000"}
[2019-05-29 21:43:01] with_slim_log.INFO: Request: GET  [] {"uid":"43a4983"}
[2019-05-29 21:43:01] with_slim_log.INFO: Response: 200 OK [] {"uid":"43a4983"}
[2019-05-29 21:43:33] with_slim_log.INFO: Request: GET  [] {"uid":"a16fdd9"}
[2019-05-29 21:43:33] with_slim_log.INFO: Response: 200 OK [] {"uid":"a16fdd9"}
[2019-05-29 21:43:33] with_slim_log.INFO: Request: GET  [] {"uid":"e99b674"}
[2019-05-29 21:43:33] with_slim_log.INFO: Response: 200 OK [] {"uid":"e99b674"}
[2019-05-29 21:43:38] with_slim_log.INFO: Request: GET  [] {"uid":"b791acc"}
[2019-05-29 21:43:38] with_slim_log.INFO: Response: 200 OK [] {"uid":"b791acc"}
[2019-05-29 21:45:58] with_slim_log.INFO: Request: GET  [] {"uid":"016924d"}
[2019-05-29 21:45:58] with_slim_log.INFO: Response: 200 OK [] {"uid":"016924d"}
[2019-05-29 21:46:46] with_slim_log.INFO: Request: GET  [] {"uid":"4bf6a6d"}
[2019-05-29 21:46:46] with_slim_log.INFO: Response: 303 See Other [] {"uid":"4bf6a6d"}
[2019-05-29 21:46:46] with_slim_log.INFO: Request: GET  [] {"uid":"e4d312f"}
[2019-05-29 21:46:46] with_slim_log.INFO: Response: 302 Found [] {"uid":"e4d312f"}
[2019-05-29 21:46:47] with_slim_log.INFO: Request: GET  [] {"uid":"f7588b0"}
[2019-05-29 21:46:47] with_slim_log.INFO: Response: 200 OK [] {"uid":"f7588b0"}
[2019-05-29 21:49:30] with_slim_log.INFO: Request: GET  [] {"uid":"6d33247"}
[2019-05-29 21:49:30] with_slim_log.INFO: Response: 200 OK [] {"uid":"6d33247"}
[2019-05-29 21:49:38] with_slim_log.INFO: Request: GET  [] {"uid":"a612844"}
[2019-05-29 21:49:38] with_slim_log.INFO: Response: 200 OK [] {"uid":"a612844"}
[2019-05-29 21:50:13] with_slim_log.INFO: Request: GET  [] {"uid":"435b7d9"}
[2019-05-29 21:50:13] with_slim_log.INFO: Response: 200 OK [] {"uid":"435b7d9"}
[2019-05-29 21:50:31] with_slim_log.INFO: Request: GET  [] {"uid":"ce747a0"}
[2019-05-29 21:50:31] with_slim_log.INFO: Response: 200 OK [] {"uid":"ce747a0"}
[2019-05-29 21:52:22] with_slim_log.INFO: Request: GET  [] {"uid":"2877f9d"}
[2019-05-29 21:52:22] with_slim_log.INFO: Request: GET  [] {"uid":"08c3baf"}
[2019-05-29 21:52:31] with_slim_log.INFO: Request: GET  [] {"uid":"3d04143"}
[2019-05-29 21:52:31] with_slim_log.INFO: Response: 200 OK [] {"uid":"3d04143"}
[2019-05-29 21:53:48] with_slim_log.INFO: Request: GET  [] {"uid":"3fe8ed9"}
[2019-05-29 21:53:48] with_slim_log.INFO: Response: 200 OK [] {"uid":"3fe8ed9"}
[2019-05-29 21:54:38] with_slim_log.INFO: Request: GET  [] {"uid":"b44bfe2"}
[2019-05-29 21:54:38] with_slim_log.INFO: Response: 200 OK [] {"uid":"b44bfe2"}
[2019-05-29 21:55:02] with_slim_log.INFO: Request: GET  [] {"uid":"2524633"}
[2019-05-29 21:55:02] with_slim_log.INFO: Response: 200 OK [] {"uid":"2524633"}
[2019-05-29 21:55:21] with_slim_log.INFO: Request: GET  [] {"uid":"8668f18"}
[2019-05-29 21:55:21] with_slim_log.INFO: Response: 200 OK [] {"uid":"8668f18"}
[2019-05-29 21:56:11] with_slim_log.INFO: Request: GET  [] {"uid":"6448ef0"}
[2019-05-29 21:56:11] with_slim_log.INFO: Response: 200 OK [] {"uid":"6448ef0"}
[2019-05-29 21:56:44] with_slim_log.INFO: Request: GET  [] {"uid":"d1a5c34"}
[2019-05-29 21:56:44] with_slim_log.INFO: Response: 200 OK [] {"uid":"d1a5c34"}
[2019-05-29 21:57:34] with_slim_log.INFO: Request: GET  [] {"uid":"729e682"}
[2019-05-29 21:57:34] with_slim_log.INFO: Response: 200 OK [] {"uid":"729e682"}
[2019-05-29 21:58:22] with_slim_log.INFO: Request: GET  [] {"uid":"f167358"}
[2019-05-29 21:58:22] with_slim_log.INFO: Response: 200 OK [] {"uid":"f167358"}
[2019-05-29 21:59:17] with_slim_log.INFO: Request: GET  [] {"uid":"0744a04"}
[2019-05-29 21:59:17] with_slim_log.INFO: Response: 200 OK [] {"uid":"0744a04"}
[2019-05-29 21:59:32] with_slim_log.INFO: Request: GET  [] {"uid":"a59202f"}
[2019-05-29 21:59:32] with_slim_log.INFO: Response: 200 OK [] {"uid":"a59202f"}
[2019-05-29 21:59:41] with_slim_log.INFO: Request: GET  [] {"uid":"91408b2"}
[2019-05-29 21:59:41] with_slim_log.INFO: Response: 200 OK [] {"uid":"91408b2"}
[2019-05-29 22:00:29] with_slim_log.INFO: Request: GET  [] {"uid":"5a4c363"}
[2019-05-29 22:00:29] with_slim_log.INFO: Response: 200 OK [] {"uid":"5a4c363"}
[2019-05-29 22:00:56] with_slim_log.INFO: Request: GET  [] {"uid":"7d0a2f7"}
[2019-05-29 22:00:56] with_slim_log.INFO: Response: 200 OK [] {"uid":"7d0a2f7"}
[2019-05-29 22:00:57] with_slim_log.INFO: Request: GET  [] {"uid":"0b4bbd5"}
[2019-05-29 22:00:57] with_slim_log.INFO: Response: 200 OK [] {"uid":"0b4bbd5"}
[2019-05-29 22:01:02] with_slim_log.INFO: Request: GET  [] {"uid":"d2ded2b"}
[2019-05-29 22:01:02] with_slim_log.INFO: Response: 200 OK [] {"uid":"d2ded2b"}
[2019-05-29 22:03:02] with_slim_log.INFO: Request: GET  [] {"uid":"faafa53"}
[2019-05-29 22:03:02] with_slim_log.INFO: Response: 200 OK [] {"uid":"faafa53"}
[2019-05-29 22:07:06] with_slim_log.INFO: Request: GET  [] {"uid":"446e16c"}
[2019-05-29 22:07:06] with_slim_log.INFO: Response: 200 OK [] {"uid":"446e16c"}
[2019-05-29 22:08:17] with_slim_log.INFO: Request: GET  [] {"uid":"26083d0"}
[2019-05-29 22:08:17] with_slim_log.INFO: Response: 200 OK [] {"uid":"26083d0"}
[2019-05-29 22:08:54] with_slim_log.INFO: Request: GET  [] {"uid":"e781370"}
[2019-05-29 22:08:54] with_slim_log.INFO: Response: 200 OK [] {"uid":"e781370"}
[2019-05-29 22:09:45] with_slim_log.INFO: Request: GET  [] {"uid":"7a2e40c"}
[2019-05-29 22:09:45] with_slim_log.INFO: Response: 200 OK [] {"uid":"7a2e40c"}
[2019-05-29 22:12:46] with_slim_log.INFO: Request: GET  [] {"uid":"1a7ca31"}
[2019-05-29 22:12:47] with_slim_log.INFO: Response: 200 OK [] {"uid":"1a7ca31"}
[2019-05-29 22:12:54] with_slim_log.INFO: Request: GET  [] {"uid":"08a8d75"}
[2019-05-29 22:12:54] with_slim_log.INFO: Response: 200 OK [] {"uid":"08a8d75"}
[2019-05-29 22:13:01] with_slim_log.INFO: Request: GET  [] {"uid":"343827e"}
[2019-05-29 22:13:01] with_slim_log.INFO: Response: 200 OK [] {"uid":"343827e"}
[2019-05-29 22:13:59] with_slim_log.INFO: Request: GET  [] {"uid":"5ff9792"}
[2019-05-29 22:13:59] with_slim_log.INFO: Response: 200 OK [] {"uid":"5ff9792"}
[2019-05-29 22:14:01] with_slim_log.INFO: Request: GET  [] {"uid":"3145a61"}
[2019-05-29 22:14:01] with_slim_log.INFO: Response: 200 OK [] {"uid":"3145a61"}
[2019-05-29 22:16:56] with_slim_log.INFO: Request: GET  [] {"uid":"bf6be68"}
[2019-05-29 22:16:56] with_slim_log.INFO: Response: 200 OK [] {"uid":"bf6be68"}
[2019-05-29 22:16:58] with_slim_log.INFO: Request: GET  [] {"uid":"c774c99"}
[2019-05-29 22:16:58] with_slim_log.INFO: Response: 200 OK [] {"uid":"c774c99"}
[2019-05-29 22:17:14] with_slim_log.INFO: Request: GET  [] {"uid":"9bd9872"}
[2019-05-29 22:17:14] with_slim_log.INFO: Response: 200 OK [] {"uid":"9bd9872"}
[2019-05-29 22:17:16] with_slim_log.INFO: Request: GET  [] {"uid":"4245250"}
[2019-05-29 22:17:16] with_slim_log.INFO: Response: 200 OK [] {"uid":"4245250"}
[2019-05-29 22:17:49] with_slim_log.INFO: Request: GET  [] {"uid":"ad219ed"}
[2019-05-29 22:17:49] with_slim_log.INFO: Response: 200 OK [] {"uid":"ad219ed"}
[2019-05-29 22:17:53] with_slim_log.INFO: Request: GET  [] {"uid":"0188f53"}
[2019-05-29 22:17:53] with_slim_log.INFO: Response: 200 OK [] {"uid":"0188f53"}
[2019-05-29 22:18:06] with_slim_log.INFO: Request: GET  [] {"uid":"5c4b3f5"}
[2019-05-29 22:18:06] with_slim_log.INFO: Response: 200 OK [] {"uid":"5c4b3f5"}
[2019-05-29 22:18:08] with_slim_log.INFO: Request: POST  [] {"uid":"396bc43"}
[2019-05-29 22:18:10] with_slim_log.INFO: Request: GET  [] {"uid":"c18b9d0"}
[2019-05-29 22:18:10] with_slim_log.INFO: Response: 200 OK [] {"uid":"c18b9d0"}
[2019-05-29 22:19:33] with_slim_log.INFO: Request: GET  [] {"uid":"aaa8faa"}
[2019-05-29 22:19:33] with_slim_log.INFO: Response: 200 OK [] {"uid":"aaa8faa"}
[2019-05-29 22:20:04] with_slim_log.INFO: Request: GET  [] {"uid":"eb84a39"}
[2019-05-29 22:20:04] with_slim_log.INFO: Response: 200 OK [] {"uid":"eb84a39"}
[2019-05-29 22:20:10] with_slim_log.INFO: Request: POST  [] {"uid":"757f36b"}
[2019-05-29 22:20:50] with_slim_log.INFO: Request: GET  [] {"uid":"def3f1d"}
[2019-05-29 22:20:50] with_slim_log.INFO: Response: 200 OK [] {"uid":"def3f1d"}
[2019-05-29 22:20:52] with_slim_log.INFO: Request: GET  [] {"uid":"4f41ac1"}
[2019-05-29 22:20:52] with_slim_log.INFO: Response: 200 OK [] {"uid":"4f41ac1"}
[2019-05-29 22:20:59] with_slim_log.INFO: Request: POST  [] {"uid":"86be35f"}
[2019-05-29 22:21:26] with_slim_log.INFO: Request: GET  [] {"uid":"9c3ce68"}
[2019-05-29 22:21:26] with_slim_log.INFO: Response: 200 OK [] {"uid":"9c3ce68"}
[2019-05-29 22:22:25] with_slim_log.INFO: Request: GET  [] {"uid":"0baceab"}
[2019-05-29 22:22:25] with_slim_log.INFO: Response: 200 OK [] {"uid":"0baceab"}
[2019-05-29 22:22:58] with_slim_log.INFO: Request: GET  [] {"uid":"ff55ff6"}
[2019-05-29 22:22:58] with_slim_log.INFO: Response: 200 OK [] {"uid":"ff55ff6"}
[2019-05-29 22:28:10] with_slim_log.INFO: Request: GET  [] {"uid":"096827b"}
[2019-05-29 22:28:10] with_slim_log.INFO: Response: 200 OK [] {"uid":"096827b"}
[2019-05-30 01:25:57] with_slim_log.INFO: Request: GET  [] {"uid":"61165f0"}
[2019-05-30 01:25:57] with_slim_log.INFO: Response: 302 Found [] {"uid":"61165f0"}
[2019-05-30 01:25:57] with_slim_log.INFO: Request: GET  [] {"uid":"1e20403"}
[2019-05-30 01:25:57] with_slim_log.INFO: Response: 200 OK [] {"uid":"1e20403"}
[2019-05-30 01:26:03] with_slim_log.INFO: Request: POST  [] {"uid":"067142c"}
[2019-05-30 01:26:03] with_slim_log.INFO: Response: 302 Found [] {"uid":"067142c"}
[2019-05-30 01:26:03] with_slim_log.INFO: Request: GET  [] {"uid":"6dc027f"}
[2019-05-30 01:26:03] with_slim_log.INFO: Response: 200 OK [] {"uid":"6dc027f"}
[2019-05-30 01:26:26] with_slim_log.INFO: Request: GET  [] {"uid":"ad2057a"}
[2019-05-30 01:26:26] with_slim_log.INFO: Response: 200 OK [] {"uid":"ad2057a"}
[2019-05-30 01:27:13] with_slim_log.INFO: Request: POST  [] {"uid":"7e54c7a"}
[2019-05-30 01:27:19] with_slim_log.INFO: Request: GET  [] {"uid":"b7e2aec"}
[2019-05-30 01:27:19] with_slim_log.INFO: Response: 200 OK [] {"uid":"b7e2aec"}
[2019-05-30 01:31:28] with_slim_log.INFO: Request: GET  [] {"uid":"dc13db9"}
[2019-05-30 01:31:28] with_slim_log.INFO: Response: 200 OK [] {"uid":"dc13db9"}
[2019-05-30 01:31:32] with_slim_log.INFO: Request: POST  [] {"uid":"97aae0f"}
[2019-05-30 01:32:45] with_slim_log.INFO: Request: GET  [] {"uid":"9622574"}
[2019-05-30 01:32:45] with_slim_log.INFO: Response: 200 OK [] {"uid":"9622574"}
[2019-05-30 01:32:48] with_slim_log.INFO: Request: POST  [] {"uid":"6e44988"}
[2019-05-30 01:33:23] with_slim_log.INFO: Request: GET  [] {"uid":"c0ec486"}
[2019-05-30 01:33:23] with_slim_log.INFO: Response: 200 OK [] {"uid":"c0ec486"}
[2019-05-30 01:33:25] with_slim_log.INFO: Request: POST  [] {"uid":"a1d382b"}
[2019-05-30 01:33:25] with_slim_log.INFO: Response: 302 Found [] {"uid":"a1d382b"}
[2019-05-30 01:33:25] with_slim_log.INFO: Request: GET  [] {"uid":"f785a4f"}
[2019-05-30 01:33:25] with_slim_log.INFO: Response: 200 OK [] {"uid":"f785a4f"}
[2019-05-30 01:35:14] with_slim_log.INFO: Request: GET  [] {"uid":"27fe9ba"}
[2019-05-30 01:35:14] with_slim_log.INFO: Response: 200 OK [] {"uid":"27fe9ba"}
[2019-05-30 01:35:18] with_slim_log.INFO: Request: POST  [] {"uid":"77759b7"}
[2019-05-30 01:35:18] with_slim_log.INFO: Response: 302 Found [] {"uid":"77759b7"}
[2019-05-30 01:35:18] with_slim_log.INFO: Request: GET  [] {"uid":"ef2faae"}
[2019-05-30 01:35:18] with_slim_log.INFO: Response: 200 OK [] {"uid":"ef2faae"}
[2019-05-30 01:35:25] with_slim_log.INFO: Request: GET  [] {"uid":"1ae94f2"}
[2019-05-30 01:35:25] with_slim_log.INFO: Response: 200 OK [] {"uid":"1ae94f2"}
[2019-05-30 01:35:28] with_slim_log.INFO: Request: POST  [] {"uid":"0abb589"}
[2019-05-30 01:35:28] with_slim_log.INFO: Response: 302 Found [] {"uid":"0abb589"}
[2019-05-30 01:35:28] with_slim_log.INFO: Request: GET  [] {"uid":"399b628"}
[2019-05-30 01:35:28] with_slim_log.INFO: Response: 200 OK [] {"uid":"399b628"}
[2019-05-30 01:35:35] with_slim_log.INFO: Request: POST  [] {"uid":"dd5d884"}
[2019-05-30 01:35:35] with_slim_log.INFO: Response: 302 Found [] {"uid":"dd5d884"}
[2019-05-30 01:35:35] with_slim_log.INFO: Request: GET  [] {"uid":"0fabfc0"}
[2019-05-30 01:35:35] with_slim_log.INFO: Response: 200 OK [] {"uid":"0fabfc0"}
[2019-05-30 01:37:15] with_slim_log.INFO: Request: GET  [] {"uid":"1b7b291"}
[2019-05-30 01:37:15] with_slim_log.INFO: Response: 200 OK [] {"uid":"1b7b291"}
[2019-05-30 01:37:18] with_slim_log.INFO: Request: POST  [] {"uid":"ae340dc"}
[2019-05-30 01:37:18] with_slim_log.INFO: Response: 302 Found [] {"uid":"ae340dc"}
[2019-05-30 01:37:18] with_slim_log.INFO: Request: GET  [] {"uid":"94299fc"}
[2019-05-30 01:37:18] with_slim_log.INFO: Response: 200 OK [] {"uid":"94299fc"}
[2019-05-30 01:37:39] with_slim_log.INFO: Request: GET  [] {"uid":"dff275d"}
[2019-05-30 01:37:39] with_slim_log.INFO: Response: 200 OK [] {"uid":"dff275d"}
[2019-05-30 01:37:41] with_slim_log.INFO: Request: POST  [] {"uid":"f4986ae"}
[2019-05-30 01:37:41] with_slim_log.INFO: Response: 302 Found [] {"uid":"f4986ae"}
[2019-05-30 01:37:41] with_slim_log.INFO: Request: GET  [] {"uid":"89af2f6"}
[2019-05-30 01:37:41] with_slim_log.INFO: Response: 200 OK [] {"uid":"89af2f6"}
[2019-05-30 01:37:48] with_slim_log.INFO: Request: GET  [] {"uid":"68c82e6"}
[2019-05-30 01:37:48] with_slim_log.INFO: Response: 200 OK [] {"uid":"68c82e6"}
[2019-05-30 01:37:51] with_slim_log.INFO: Request: POST  [] {"uid":"a16b608"}
[2019-05-30 01:37:51] with_slim_log.INFO: Response: 302 Found [] {"uid":"a16b608"}
[2019-05-30 01:37:51] with_slim_log.INFO: Request: GET  [] {"uid":"dfef87f"}
[2019-05-30 01:37:51] with_slim_log.INFO: Response: 200 OK [] {"uid":"dfef87f"}
[2019-05-30 01:39:43] with_slim_log.INFO: Request: GET  [] {"uid":"be27a80"}
[2019-05-30 01:39:43] with_slim_log.INFO: Response: 200 OK [] {"uid":"be27a80"}
[2019-05-30 01:39:51] with_slim_log.INFO: Request: POST  [] {"uid":"0bae0ff"}
[2019-05-30 01:39:52] with_slim_log.INFO: Response: 302 Found [] {"uid":"0bae0ff"}
[2019-05-30 01:39:52] with_slim_log.INFO: Request: GET  [] {"uid":"f06f59b"}
[2019-05-30 01:39:52] with_slim_log.INFO: Response: 200 OK [] {"uid":"f06f59b"}
[2019-05-30 01:40:05] with_slim_log.INFO: Request: POST  [] {"uid":"e9335e6"}
[2019-05-30 01:40:05] with_slim_log.INFO: Response: 302 Found [] {"uid":"e9335e6"}
[2019-05-30 01:40:05] with_slim_log.INFO: Request: GET  [] {"uid":"abfa487"}
[2019-05-30 01:40:05] with_slim_log.INFO: Response: 200 OK [] {"uid":"abfa487"}
[2019-05-30 01:48:34] with_slim_log.INFO: Request: GET  [] {"uid":"c985dab"}
[2019-05-30 01:48:34] with_slim_log.INFO: Response: 200 OK [] {"uid":"c985dab"}
[2019-05-30 01:48:36] with_slim_log.INFO: Request: POST  [] {"uid":"e41e1ae"}
[2019-05-30 01:48:36] with_slim_log.INFO: Response: 302 Found [] {"uid":"e41e1ae"}
[2019-05-30 01:48:36] with_slim_log.INFO: Request: GET  [] {"uid":"46088d7"}
[2019-05-30 01:48:36] with_slim_log.INFO: Response: 200 OK [] {"uid":"46088d7"}
[2019-05-30 01:52:56] with_slim_log.INFO: Request: GET  [] {"uid":"043f7ed"}
[2019-05-30 01:52:56] with_slim_log.INFO: Response: 200 OK [] {"uid":"043f7ed"}
[2019-05-30 01:53:05] with_slim_log.INFO: Request: GET  [] {"uid":"5f4b2fc"}
[2019-05-30 01:53:06] with_slim_log.INFO: Response: 302 Found [] {"uid":"5f4b2fc"}
[2019-05-30 01:53:06] with_slim_log.INFO: Request: GET  [] {"uid":"ae2fd28"}
[2019-05-30 01:53:06] with_slim_log.INFO: Response: 200 OK [] {"uid":"ae2fd28"}
[2019-05-30 02:01:40] with_slim_log.INFO: Request: GET  [] {"uid":"ed127b5"}
[2019-05-30 02:01:40] with_slim_log.INFO: Response: 200 OK [] {"uid":"ed127b5"}
[2019-05-30 02:01:57] with_slim_log.INFO: Request: GET  [] {"uid":"6fe77fa"}
[2019-05-30 02:01:57] with_slim_log.INFO: Response: 200 OK [] {"uid":"6fe77fa"}
[2019-05-30 02:03:24] with_slim_log.INFO: Request: GET  [] {"uid":"190f415"}
[2019-05-30 02:03:24] with_slim_log.INFO: Response: 200 OK [] {"uid":"190f415"}
[2019-05-30 02:03:25] with_slim_log.INFO: Request: GET  [] {"uid":"15f0ee2"}
[2019-05-30 02:03:25] with_slim_log.INFO: Response: 200 OK [] {"uid":"15f0ee2"}
[2019-05-30 02:03:47] with_slim_log.INFO: Request: GET  [] {"uid":"5a2be7c"}
[2019-05-30 02:03:47] with_slim_log.INFO: Response: 200 OK [] {"uid":"5a2be7c"}
[2019-05-30 02:03:49] with_slim_log.INFO: Request: GET  [] {"uid":"3bf1610"}
[2019-05-30 02:03:49] with_slim_log.INFO: Response: 200 OK [] {"uid":"3bf1610"}
[2019-05-30 02:04:03] with_slim_log.INFO: Request: GET  [] {"uid":"a4bdbc5"}
[2019-05-30 02:04:03] with_slim_log.INFO: Response: 200 OK [] {"uid":"a4bdbc5"}
[2019-05-30 02:04:04] with_slim_log.INFO: Request: GET  [] {"uid":"fa444e7"}
[2019-05-30 02:04:04] with_slim_log.INFO: Response: 200 OK [] {"uid":"fa444e7"}
[2019-05-30 02:04:15] with_slim_log.INFO: Request: GET  [] {"uid":"b2b0ab0"}
[2019-05-30 02:04:15] with_slim_log.INFO: Response: 200 OK [] {"uid":"b2b0ab0"}
[2019-05-30 02:04:17] with_slim_log.INFO: Request: GET  [] {"uid":"b068d8c"}
[2019-05-30 02:04:17] with_slim_log.INFO: Response: 200 OK [] {"uid":"b068d8c"}
[2019-05-30 02:07:21] with_slim_log.INFO: Request: GET  [] {"uid":"accc8f2"}
[2019-05-30 02:07:21] with_slim_log.INFO: Response: 200 OK [] {"uid":"accc8f2"}
[2019-05-30 02:07:25] with_slim_log.INFO: Request: GET  [] {"uid":"0479e17"}
[2019-05-30 02:07:25] with_slim_log.INFO: Response: 200 OK [] {"uid":"0479e17"}
[2019-05-30 02:07:28] with_slim_log.INFO: Request: GET  [] {"uid":"17b379e"}
[2019-05-30 02:07:28] with_slim_log.INFO: Response: 200 OK [] {"uid":"17b379e"}
[2019-05-30 02:07:58] with_slim_log.INFO: Request: GET  [] {"uid":"e7f168d"}
[2019-05-30 02:07:58] with_slim_log.INFO: Response: 200 OK [] {"uid":"e7f168d"}
[2019-05-30 02:07:59] with_slim_log.INFO: Request: GET  [] {"uid":"e7e8ef9"}
[2019-05-30 02:07:59] with_slim_log.INFO: Response: 200 OK [] {"uid":"e7e8ef9"}
[2019-05-30 02:08:03] with_slim_log.INFO: Request: GET  [] {"uid":"e5e34b6"}
[2019-05-30 02:08:03] with_slim_log.INFO: Response: 200 OK [] {"uid":"e5e34b6"}
[2019-05-30 02:08:06] with_slim_log.INFO: Request: GET  [] {"uid":"188637d"}
[2019-05-30 02:08:06] with_slim_log.INFO: Response: 200 OK [] {"uid":"188637d"}
[2019-05-30 02:08:59] with_slim_log.INFO: Request: GET  [] {"uid":"869fdc5"}
[2019-05-30 02:08:59] with_slim_log.INFO: Response: 200 OK [] {"uid":"869fdc5"}
[2019-05-30 02:09:00] with_slim_log.INFO: Request: GET  [] {"uid":"dc4076d"}
[2019-05-30 02:09:00] with_slim_log.INFO: Response: 200 OK [] {"uid":"dc4076d"}
[2019-05-30 02:09:07] with_slim_log.INFO: Request: GET  [] {"uid":"a209a07"}
[2019-05-30 02:09:07] with_slim_log.INFO: Response: 200 OK [] {"uid":"a209a07"}
[2019-05-30 02:09:08] with_slim_log.INFO: Request: GET  [] {"uid":"df0de1c"}
[2019-05-30 02:09:08] with_slim_log.INFO: Response: 200 OK [] {"uid":"df0de1c"}
[2019-05-30 02:09:11] with_slim_log.INFO: Request: GET  [] {"uid":"1fa1293"}
[2019-05-30 02:09:11] with_slim_log.INFO: Response: 200 OK [] {"uid":"1fa1293"}
[2019-05-30 02:09:14] with_slim_log.INFO: Request: GET  [] {"uid":"5fabae9"}
[2019-05-30 02:09:14] with_slim_log.INFO: Response: 200 OK [] {"uid":"5fabae9"}
[2019-05-30 02:09:21] with_slim_log.INFO: Request: GET  [] {"uid":"b4958d5"}
[2019-05-30 02:09:21] with_slim_log.INFO: Response: 200 OK [] {"uid":"b4958d5"}
[2019-05-30 02:09:33] with_slim_log.INFO: Request: GET  [] {"uid":"7205324"}
[2019-05-30 02:09:33] with_slim_log.INFO: Response: 200 OK [] {"uid":"7205324"}
[2019-05-30 02:14:03] with_slim_log.INFO: Request: GET  [] {"uid":"fe99dbd"}
[2019-05-30 02:14:03] with_slim_log.INFO: Response: 200 OK [] {"uid":"fe99dbd"}
[2019-05-30 02:14:06] with_slim_log.INFO: Request: GET  [] {"uid":"77bf0c8"}
[2019-05-30 02:14:06] with_slim_log.INFO: Response: 200 OK [] {"uid":"77bf0c8"}
[2019-05-30 02:14:12] with_slim_log.INFO: Request: GET  [] {"uid":"2333a2d"}
[2019-05-30 02:14:12] with_slim_log.INFO: Response: 200 OK [] {"uid":"2333a2d"}
[2019-05-30 02:14:24] with_slim_log.INFO: Request: GET  [] {"uid":"7847090"}
[2019-05-30 02:14:24] with_slim_log.INFO: Response: 200 OK [] {"uid":"7847090"}
[2019-05-30 02:14:25] with_slim_log.INFO: Request: GET  [] {"uid":"e16cd2f"}
[2019-05-30 02:14:25] with_slim_log.INFO: Response: 200 OK [] {"uid":"e16cd2f"}
[2019-05-30 02:14:30] with_slim_log.INFO: Request: POST  [] {"uid":"1e4a9c7"}
[2019-05-30 02:14:30] with_slim_log.INFO: Response: 302 Found [] {"uid":"1e4a9c7"}
[2019-05-30 02:14:30] with_slim_log.INFO: Request: GET  [] {"uid":"e3f9b47"}
[2019-05-30 02:14:30] with_slim_log.INFO: Response: 200 OK [] {"uid":"e3f9b47"}
[2019-05-30 02:15:38] with_slim_log.INFO: Request: GET  [] {"uid":"a6de7fd"}
[2019-05-30 02:15:38] with_slim_log.INFO: Response: 200 OK [] {"uid":"a6de7fd"}
[2019-05-30 02:15:40] with_slim_log.INFO: Request: GET  [] {"uid":"50ea77e"}
[2019-05-30 02:15:40] with_slim_log.INFO: Response: 200 OK [] {"uid":"50ea77e"}
[2019-05-30 02:15:45] with_slim_log.INFO: Request: POST  [] {"uid":"9517dc5"}
[2019-05-30 02:15:45] with_slim_log.INFO: Response: 302 Found [] {"uid":"9517dc5"}
[2019-05-30 02:15:45] with_slim_log.INFO: Request: GET  [] {"uid":"6efbc66"}
[2019-05-30 02:15:45] with_slim_log.INFO: Response: 200 OK [] {"uid":"6efbc66"}
[2019-05-30 02:15:59] with_slim_log.INFO: Request: GET  [] {"uid":"459769b"}
[2019-05-30 02:15:59] with_slim_log.INFO: Response: 200 OK [] {"uid":"459769b"}
[2019-05-30 02:16:06] with_slim_log.INFO: Request: POST  [] {"uid":"072445e"}
[2019-05-30 02:16:07] with_slim_log.INFO: Response: 302 Found [] {"uid":"072445e"}
[2019-05-30 02:16:07] with_slim_log.INFO: Request: GET  [] {"uid":"bbe7df4"}
[2019-05-30 02:16:07] with_slim_log.INFO: Response: 200 OK [] {"uid":"bbe7df4"}
[2019-05-30 02:16:10] with_slim_log.INFO: Request: GET  [] {"uid":"84913ef"}
[2019-05-30 02:16:11] with_slim_log.INFO: Response: 302 Found [] {"uid":"84913ef"}
[2019-05-30 02:16:11] with_slim_log.INFO: Request: GET  [] {"uid":"51e7123"}
[2019-05-30 02:16:11] with_slim_log.INFO: Response: 200 OK [] {"uid":"51e7123"}
[2019-05-30 02:16:41] with_slim_log.INFO: Request: GET  [] {"uid":"2bd4526"}
[2019-05-30 02:16:41] with_slim_log.INFO: Response: 200 OK [] {"uid":"2bd4526"}
[2019-05-30 02:16:44] with_slim_log.INFO: Request: GET  [] {"uid":"d9aeb44"}
[2019-05-30 02:16:44] with_slim_log.INFO: Response: 200 OK [] {"uid":"d9aeb44"}
[2019-05-30 02:16:50] with_slim_log.INFO: Request: POST  [] {"uid":"f878df8"}
[2019-05-30 02:18:20] with_slim_log.INFO: Request: GET  [] {"uid":"7545715"}
[2019-05-30 02:18:20] with_slim_log.INFO: Response: 200 OK [] {"uid":"7545715"}
[2019-05-30 02:18:22] with_slim_log.INFO: Request: GET  [] {"uid":"91b1867"}
[2019-05-30 02:18:22] with_slim_log.INFO: Response: 200 OK [] {"uid":"91b1867"}
[2019-05-30 02:18:23] with_slim_log.INFO: Request: POST  [] {"uid":"2b15da1"}
[2019-05-30 02:18:26] with_slim_log.INFO: Request: GET  [] {"uid":"1228d86"}
[2019-05-30 02:18:26] with_slim_log.INFO: Response: 200 OK [] {"uid":"1228d86"}
[2019-05-30 02:20:46] with_slim_log.INFO: Request: GET  [] {"uid":"be1aa0f"}
[2019-05-30 02:20:46] with_slim_log.INFO: Response: 200 OK [] {"uid":"be1aa0f"}
[2019-05-30 02:20:47] with_slim_log.INFO: Request: GET  [] {"uid":"62a6ac1"}
[2019-05-30 02:20:47] with_slim_log.INFO: Response: 200 OK [] {"uid":"62a6ac1"}
[2019-05-30 02:20:49] with_slim_log.INFO: Request: POST  [] {"uid":"5b3421d"}
[2019-05-30 02:20:49] with_slim_log.INFO: Response: 302 Found [] {"uid":"5b3421d"}
[2019-05-30 02:20:49] with_slim_log.INFO: Request: GET  [] {"uid":"bd5a3da"}
[2019-05-30 02:20:49] with_slim_log.INFO: Response: 200 OK [] {"uid":"bd5a3da"}
[2019-05-30 02:20:51] with_slim_log.INFO: Request: GET  [] {"uid":"800072c"}
[2019-05-30 02:20:51] with_slim_log.INFO: Response: 200 OK [] {"uid":"800072c"}
[2019-05-30 02:20:59] with_slim_log.INFO: Request: POST  [] {"uid":"3b82215"}
[2019-05-30 02:21:00] with_slim_log.INFO: Response: 302 Found [] {"uid":"3b82215"}
[2019-05-30 02:21:00] with_slim_log.INFO: Request: GET  [] {"uid":"a7ace27"}
[2019-05-30 02:21:00] with_slim_log.INFO: Response: 200 OK [] {"uid":"a7ace27"}
[2019-05-30 02:21:02] with_slim_log.INFO: Request: GET  [] {"uid":"a6f7891"}
[2019-05-30 02:21:02] with_slim_log.INFO: Response: 200 OK [] {"uid":"a6f7891"}
[2019-05-30 02:21:09] with_slim_log.INFO: Request: GET  [] {"uid":"46db936"}
[2019-05-30 02:21:10] with_slim_log.INFO: Response: 302 Found [] {"uid":"46db936"}
[2019-05-30 02:21:10] with_slim_log.INFO: Request: GET  [] {"uid":"0eb892a"}
[2019-05-30 02:21:10] with_slim_log.INFO: Response: 200 OK [] {"uid":"0eb892a"}
[2019-05-30 02:21:15] with_slim_log.INFO: Request: GET  [] {"uid":"ed04997"}
[2019-05-30 02:21:16] with_slim_log.INFO: Response: 302 Found [] {"uid":"ed04997"}
[2019-05-30 02:21:16] with_slim_log.INFO: Request: GET  [] {"uid":"ce2fdd9"}
[2019-05-30 02:21:16] with_slim_log.INFO: Response: 200 OK [] {"uid":"ce2fdd9"}
[2019-05-30 02:21:19] with_slim_log.INFO: Request: GET  [] {"uid":"29dc95f"}
[2019-05-30 02:21:19] with_slim_log.INFO: Response: 302 Found [] {"uid":"29dc95f"}
[2019-05-30 02:21:19] with_slim_log.INFO: Request: GET  [] {"uid":"8c5f79d"}
[2019-05-30 02:21:19] with_slim_log.INFO: Response: 200 OK [] {"uid":"8c5f79d"}
[2019-05-30 02:21:27] with_slim_log.INFO: Request: GET  [] {"uid":"c664d6f"}
[2019-05-30 02:21:27] with_slim_log.INFO: Response: 302 Found [] {"uid":"c664d6f"}
[2019-05-30 02:21:27] with_slim_log.INFO: Request: GET  [] {"uid":"65b6040"}
[2019-05-30 02:21:27] with_slim_log.INFO: Response: 200 OK [] {"uid":"65b6040"}
[2019-05-30 02:22:20] with_slim_log.INFO: Request: POST  [] {"uid":"5401514"}
[2019-05-30 02:22:20] with_slim_log.INFO: Response: 302 Found [] {"uid":"5401514"}
[2019-05-30 02:22:20] with_slim_log.INFO: Request: GET  [] {"uid":"148f6b0"}
[2019-05-30 02:22:20] with_slim_log.INFO: Response: 200 OK [] {"uid":"148f6b0"}
[2019-05-30 02:22:23] with_slim_log.INFO: Request: GET  [] {"uid":"d8c5632"}
[2019-05-30 02:22:23] with_slim_log.INFO: Response: 200 OK [] {"uid":"d8c5632"}
[2019-05-30 02:23:55] with_slim_log.INFO: Request: POST  [] {"uid":"3206dff"}
[2019-05-30 02:23:55] with_slim_log.INFO: Response: 302 Found [] {"uid":"3206dff"}
[2019-05-30 02:23:55] with_slim_log.INFO: Request: GET  [] {"uid":"493e959"}
[2019-05-30 02:23:55] with_slim_log.INFO: Response: 200 OK [] {"uid":"493e959"}
[2019-05-30 02:23:57] with_slim_log.INFO: Request: GET  [] {"uid":"27b0067"}
[2019-05-30 02:23:57] with_slim_log.INFO: Response: 200 OK [] {"uid":"27b0067"}
[2019-05-30 02:24:04] with_slim_log.INFO: Request: POST  [] {"uid":"2603335"}
[2019-05-30 02:24:04] with_slim_log.INFO: Response: 302 Found [] {"uid":"2603335"}
[2019-05-30 02:24:04] with_slim_log.INFO: Request: GET  [] {"uid":"0e7b62b"}
[2019-05-30 02:24:04] with_slim_log.INFO: Response: 200 OK [] {"uid":"0e7b62b"}
[2019-05-30 02:24:34] with_slim_log.INFO: Request: GET  [] {"uid":"1687102"}
[2019-05-30 02:24:34] with_slim_log.INFO: Response: 200 OK [] {"uid":"1687102"}
[2019-05-30 02:25:05] with_slim_log.INFO: Request: POST  [] {"uid":"54fe573"}
[2019-05-30 02:25:05] with_slim_log.INFO: Response: 302 Found [] {"uid":"54fe573"}
[2019-05-30 02:25:05] with_slim_log.INFO: Request: GET  [] {"uid":"f230325"}
[2019-05-30 02:25:05] with_slim_log.INFO: Response: 200 OK [] {"uid":"f230325"}
[2019-05-30 02:25:07] with_slim_log.INFO: Request: GET  [] {"uid":"bdec7c3"}
[2019-05-30 02:25:07] with_slim_log.INFO: Response: 200 OK [] {"uid":"bdec7c3"}
[2019-05-30 02:25:10] with_slim_log.INFO: Request: GET  [] {"uid":"3b0cda4"}
[2019-05-30 02:25:10] with_slim_log.INFO: Response: 200 OK [] {"uid":"3b0cda4"}
[2019-05-30 02:25:19] with_slim_log.INFO: Request: GET  [] {"uid":"4c0b580"}
[2019-05-30 02:25:19] with_slim_log.INFO: Response: 200 OK [] {"uid":"4c0b580"}
[2019-05-30 02:25:24] with_slim_log.INFO: Request: POST  [] {"uid":"7da53e1"}
[2019-05-30 02:25:24] with_slim_log.INFO: Response: 302 Found [] {"uid":"7da53e1"}
[2019-05-30 02:25:24] with_slim_log.INFO: Request: GET  [] {"uid":"e04d662"}
[2019-05-30 02:25:24] with_slim_log.INFO: Response: 200 OK [] {"uid":"e04d662"}
[2019-05-30 02:27:14] with_slim_log.INFO: Request: GET  [] {"uid":"3c043f4"}
[2019-05-30 02:27:14] with_slim_log.INFO: Response: 200 OK [] {"uid":"3c043f4"}
[2019-05-30 02:27:23] with_slim_log.INFO: Request: GET  [] {"uid":"89707b2"}
[2019-05-30 02:27:23] with_slim_log.INFO: Response: 200 OK [] {"uid":"89707b2"}
[2019-05-30 02:28:02] with_slim_log.INFO: Request: GET  [] {"uid":"11354b1"}
[2019-05-30 02:28:02] with_slim_log.INFO: Response: 200 OK [] {"uid":"11354b1"}
[2019-05-30 02:28:09] with_slim_log.INFO: Request: GET  [] {"uid":"de14431"}
[2019-05-30 02:28:09] with_slim_log.INFO: Response: 200 OK [] {"uid":"de14431"}
[2019-05-30 02:31:22] with_slim_log.INFO: Request: GET  [] {"uid":"c1996e0"}
[2019-05-30 02:31:22] with_slim_log.INFO: Response: 200 OK [] {"uid":"c1996e0"}
[2019-05-30 02:36:45] with_slim_log.INFO: Request: GET  [] {"uid":"ba514fd"}
[2019-05-30 02:36:45] with_slim_log.INFO: Response: 200 OK [] {"uid":"ba514fd"}
[2019-05-30 02:36:48] with_slim_log.INFO: Request: GET  [] {"uid":"984b542"}
[2019-05-30 02:36:48] with_slim_log.INFO: Response: 200 OK [] {"uid":"984b542"}
[2019-05-30 02:39:07] with_slim_log.INFO: Request: GET  [] {"uid":"ceb43fc"}
[2019-05-30 02:39:07] with_slim_log.INFO: Response: 200 OK [] {"uid":"ceb43fc"}
[2019-05-30 02:39:17] with_slim_log.INFO: Request: GET  [] {"uid":"86a277d"}
[2019-05-30 02:39:17] with_slim_log.INFO: Response: 200 OK [] {"uid":"86a277d"}
[2019-05-30 02:40:04] with_slim_log.INFO: Request: GET  [] {"uid":"eac2360"}
[2019-05-30 02:40:04] with_slim_log.INFO: Response: 200 OK [] {"uid":"eac2360"}
[2019-05-30 02:40:09] with_slim_log.INFO: Request: GET  [] {"uid":"e6c2870"}
[2019-05-30 02:40:09] with_slim_log.INFO: Response: 200 OK [] {"uid":"e6c2870"}
[2019-05-30 02:40:12] with_slim_log.INFO: Request: GET  [] {"uid":"2f039f2"}
[2019-05-30 02:40:12] with_slim_log.INFO: Response: 200 OK [] {"uid":"2f039f2"}
[2019-05-30 02:40:16] with_slim_log.INFO: Request: GET  [] {"uid":"f4b0fef"}
[2019-05-30 02:40:16] with_slim_log.INFO: Response: 200 OK [] {"uid":"f4b0fef"}
[2019-05-30 02:40:47] with_slim_log.INFO: Request: GET  [] {"uid":"06b7456"}
[2019-05-30 02:40:47] with_slim_log.INFO: Response: 200 OK [] {"uid":"06b7456"}
[2019-05-30 02:41:30] with_slim_log.INFO: Request: GET  [] {"uid":"8a10799"}
[2019-05-30 02:41:30] with_slim_log.INFO: Response: 200 OK [] {"uid":"8a10799"}
[2019-05-30 02:41:41] with_slim_log.INFO: Request: GET  [] {"uid":"5f653cd"}
[2019-05-30 02:41:41] with_slim_log.INFO: Response: 200 OK [] {"uid":"5f653cd"}
[2019-05-30 02:43:40] with_slim_log.INFO: Request: GET  [] {"uid":"6aa94b1"}
[2019-05-30 02:43:40] with_slim_log.INFO: Response: 200 OK [] {"uid":"6aa94b1"}
[2019-05-30 02:43:42] with_slim_log.INFO: Request: GET  [] {"uid":"9d39cc4"}
[2019-05-30 02:43:42] with_slim_log.INFO: Response: 200 OK [] {"uid":"9d39cc4"}
[2019-05-30 02:43:46] with_slim_log.INFO: Request: GET  [] {"uid":"6c574d0"}
[2019-05-30 02:43:46] with_slim_log.INFO: Response: 200 OK [] {"uid":"6c574d0"}
[2019-05-30 02:44:02] with_slim_log.INFO: Request: GET  [] {"uid":"6c3a06d"}
[2019-05-30 02:44:02] with_slim_log.INFO: Response: 200 OK [] {"uid":"6c3a06d"}
[2019-05-30 02:44:04] with_slim_log.INFO: Request: GET  [] {"uid":"3bbede7"}
[2019-05-30 02:44:04] with_slim_log.INFO: Response: 200 OK [] {"uid":"3bbede7"}
[2019-05-30 02:44:07] with_slim_log.INFO: Request: GET  [] {"uid":"c15d545"}
[2019-05-30 02:44:07] with_slim_log.INFO: Response: 200 OK [] {"uid":"c15d545"}
[2019-05-30 02:44:09] with_slim_log.INFO: Request: GET  [] {"uid":"d0ac41f"}
[2019-05-30 02:44:09] with_slim_log.INFO: Response: 200 OK [] {"uid":"d0ac41f"}
[2019-05-30 02:44:11] with_slim_log.INFO: Request: GET  [] {"uid":"73d54bb"}
[2019-05-30 02:44:11] with_slim_log.INFO: Response: 200 OK [] {"uid":"73d54bb"}
[2019-05-30 02:46:07] with_slim_log.INFO: Request: GET  [] {"uid":"7d5b362"}
[2019-05-30 02:46:07] with_slim_log.INFO: Response: 200 OK [] {"uid":"7d5b362"}
[2019-05-30 02:46:10] with_slim_log.INFO: Request: GET  [] {"uid":"b9fba96"}
[2019-05-30 02:46:10] with_slim_log.INFO: Response: 200 OK [] {"uid":"b9fba96"}
[2019-05-30 02:46:12] with_slim_log.INFO: Request: GET  [] {"uid":"677b6b7"}
[2019-05-30 02:46:12] with_slim_log.INFO: Response: 200 OK [] {"uid":"677b6b7"}
[2019-05-30 02:46:43] with_slim_log.INFO: Request: GET  [] {"uid":"9a074a0"}
[2019-05-30 02:46:43] with_slim_log.INFO: Response: 200 OK [] {"uid":"9a074a0"}
[2019-05-30 02:46:44] with_slim_log.INFO: Request: GET  [] {"uid":"d8378a4"}
[2019-05-30 02:46:44] with_slim_log.INFO: Response: 200 OK [] {"uid":"d8378a4"}
[2019-05-30 02:46:47] with_slim_log.INFO: Request: GET  [] {"uid":"eec6800"}
[2019-05-30 02:46:47] with_slim_log.INFO: Response: 200 OK [] {"uid":"eec6800"}
[2019-05-30 02:46:49] with_slim_log.INFO: Request: GET  [] {"uid":"75844ca"}
[2019-05-30 02:46:49] with_slim_log.INFO: Response: 200 OK [] {"uid":"75844ca"}
[2019-05-30 02:47:03] with_slim_log.INFO: Request: GET  [] {"uid":"6db0078"}
[2019-05-30 02:47:03] with_slim_log.INFO: Response: 200 OK [] {"uid":"6db0078"}
[2019-05-30 02:48:51] with_slim_log.INFO: Request: GET  [] {"uid":"9932125"}
[2019-05-30 02:48:51] with_slim_log.INFO: Response: 200 OK [] {"uid":"9932125"}
[2019-05-30 02:49:07] with_slim_log.INFO: Request: GET  [] {"uid":"df81fb7"}
[2019-05-30 02:49:07] with_slim_log.INFO: Response: 200 OK [] {"uid":"df81fb7"}
[2019-05-30 02:49:08] with_slim_log.INFO: Request: GET  [] {"uid":"35a1579"}
[2019-05-30 02:49:08] with_slim_log.INFO: Response: 200 OK [] {"uid":"35a1579"}
[2019-05-30 02:58:26] with_slim_log.INFO: Request: GET  [] {"uid":"fe9adec"}
[2019-05-30 02:58:26] with_slim_log.INFO: Response: 200 OK [] {"uid":"fe9adec"}
[2019-05-30 02:58:35] with_slim_log.INFO: Request: POST  [] {"uid":"69d1874"}
[2019-05-30 02:58:58] with_slim_log.INFO: Request: GET  [] {"uid":"3400d54"}
[2019-05-30 02:58:58] with_slim_log.INFO: Response: 200 OK [] {"uid":"3400d54"}
[2019-05-30 02:59:01] with_slim_log.INFO: Request: POST  [] {"uid":"b3777f3"}
[2019-05-30 02:59:01] with_slim_log.INFO: Response: 302 Found [] {"uid":"b3777f3"}
[2019-05-30 02:59:01] with_slim_log.INFO: Request: GET  [] {"uid":"8ca7ec9"}
[2019-05-30 02:59:01] with_slim_log.INFO: Response: 200 OK [] {"uid":"8ca7ec9"}
[2019-05-30 02:59:05] with_slim_log.INFO: Request: POST  [] {"uid":"122cbcb"}
[2019-05-30 02:59:05] with_slim_log.INFO: Response: 302 Found [] {"uid":"122cbcb"}
[2019-05-30 02:59:05] with_slim_log.INFO: Request: GET  [] {"uid":"bf66c89"}
[2019-05-30 02:59:05] with_slim_log.INFO: Response: 200 OK [] {"uid":"bf66c89"}
[2019-05-30 02:59:11] with_slim_log.INFO: Request: POST  [] {"uid":"92eaf5a"}
[2019-05-30 02:59:11] with_slim_log.INFO: Response: 302 Found [] {"uid":"92eaf5a"}
[2019-05-30 02:59:11] with_slim_log.INFO: Request: GET  [] {"uid":"49fda56"}
[2019-05-30 02:59:11] with_slim_log.INFO: Response: 200 OK [] {"uid":"49fda56"}
[2019-05-30 02:59:44] with_slim_log.INFO: Request: GET  [] {"uid":"5942e9b"}
[2019-05-30 02:59:44] with_slim_log.INFO: Response: 200 OK [] {"uid":"5942e9b"}
[2019-05-30 02:59:47] with_slim_log.INFO: Request: GET  [] {"uid":"6b082c0"}
[2019-05-30 02:59:47] with_slim_log.INFO: Response: 302 Found [] {"uid":"6b082c0"}
[2019-05-30 02:59:47] with_slim_log.INFO: Request: GET  [] {"uid":"f119a66"}
[2019-05-30 02:59:47] with_slim_log.INFO: Response: 200 OK [] {"uid":"f119a66"}
[2019-05-30 03:03:31] with_slim_log.INFO: Request: GET  [] {"uid":"f2a5dc6"}
[2019-05-30 03:03:31] with_slim_log.INFO: Response: 200 OK [] {"uid":"f2a5dc6"}
[2019-05-30 03:03:33] with_slim_log.INFO: Request: GET  [] {"uid":"52b0364"}
[2019-05-30 03:03:33] with_slim_log.INFO: Response: 200 OK [] {"uid":"52b0364"}
[2019-05-30 03:03:50] with_slim_log.INFO: Request: POST  [] {"uid":"8cb1c22"}
[2019-05-30 03:03:50] with_slim_log.INFO: Response: 302 Found [] {"uid":"8cb1c22"}
[2019-05-30 03:03:50] with_slim_log.INFO: Request: GET  [] {"uid":"4f36447"}
[2019-05-30 03:03:50] with_slim_log.INFO: Response: 200 OK [] {"uid":"4f36447"}
[2019-05-30 03:03:57] with_slim_log.INFO: Request: GET  [] {"uid":"9ccce89"}
[2019-05-30 03:03:57] with_slim_log.INFO: Response: 200 OK [] {"uid":"9ccce89"}
[2019-05-30 03:04:00] with_slim_log.INFO: Request: GET  [] {"uid":"021c5c1"}
[2019-05-30 03:04:00] with_slim_log.INFO: Response: 200 OK [] {"uid":"021c5c1"}
[2019-05-30 03:04:06] with_slim_log.INFO: Request: GET  [] {"uid":"6b88c10"}
[2019-05-30 03:04:06] with_slim_log.INFO: Response: 200 OK [] {"uid":"6b88c10"}
[2019-05-30 03:04:09] with_slim_log.INFO: Request: GET  [] {"uid":"4317d7b"}
[2019-05-30 03:04:09] with_slim_log.INFO: Response: 200 OK [] {"uid":"4317d7b"}
[2019-05-30 03:04:26] with_slim_log.INFO: Request: GET  [] {"uid":"74829d2"}
[2019-05-30 03:04:26] with_slim_log.INFO: Response: 200 OK [] {"uid":"74829d2"}
[2019-05-30 03:12:33] with_slim_log.INFO: Request: GET  [] {"uid":"68445a2"}
[2019-05-30 03:12:33] with_slim_log.INFO: Response: 200 OK [] {"uid":"68445a2"}
[2019-05-30 03:12:37] with_slim_log.INFO: Request: GET  [] {"uid":"0c4e32d"}
[2019-05-30 03:12:37] with_slim_log.INFO: Response: 200 OK [] {"uid":"0c4e32d"}
[2019-05-30 03:13:12] with_slim_log.INFO: Request: GET  [] {"uid":"55302b7"}
[2019-05-30 03:14:14] with_slim_log.INFO: Request: GET  [] {"uid":"3bf170f"}
[2019-05-30 03:14:14] with_slim_log.INFO: Response: 200 OK [] {"uid":"3bf170f"}
[2019-05-30 03:15:08] with_slim_log.INFO: Request: GET  [] {"uid":"85b40f2"}
[2019-05-30 03:15:08] with_slim_log.INFO: Response: 200 OK [] {"uid":"85b40f2"}
[2019-05-30 03:18:09] with_slim_log.INFO: Request: GET  [] {"uid":"f956c2c"}
[2019-05-30 03:18:09] with_slim_log.INFO: Response: 200 OK [] {"uid":"f956c2c"}
[2019-05-30 03:22:02] with_slim_log.INFO: Request: GET  [] {"uid":"9b5d60e"}
[2019-05-30 03:22:12] with_slim_log.INFO: Request: GET  [] {"uid":"b8c7613"}
[2019-05-30 03:22:12] with_slim_log.INFO: Response: 200 OK [] {"uid":"b8c7613"}
[2019-05-30 03:22:17] with_slim_log.INFO: Request: GET  [] {"uid":"4681a98"}
[2019-05-30 03:22:17] with_slim_log.INFO: Response: 200 OK [] {"uid":"4681a98"}
[2019-05-30 03:22:38] with_slim_log.INFO: Request: POST  [] {"uid":"edaa18f"}
[2019-05-30 03:22:38] with_slim_log.INFO: Response: 302 Found [] {"uid":"edaa18f"}
[2019-05-30 03:22:38] with_slim_log.INFO: Request: GET  [] {"uid":"58ae9d4"}
[2019-05-30 03:22:38] with_slim_log.INFO: Response: 200 OK [] {"uid":"58ae9d4"}
[2019-05-30 03:22:47] with_slim_log.INFO: Request: GET  [] {"uid":"6e1fd74"}
[2019-05-30 03:22:47] with_slim_log.INFO: Response: 200 OK [] {"uid":"6e1fd74"}
[2019-05-30 03:23:24] with_slim_log.INFO: Request: POST  [] {"uid":"f144220"}
[2019-05-30 03:23:24] with_slim_log.INFO: Response: 302 Found [] {"uid":"f144220"}
[2019-05-30 03:23:24] with_slim_log.INFO: Request: GET  [] {"uid":"ffdf3b5"}
[2019-05-30 03:23:24] with_slim_log.INFO: Response: 200 OK [] {"uid":"ffdf3b5"}
[2019-05-30 03:24:05] with_slim_log.INFO: Request: POST  [] {"uid":"94df10e"}
[2019-05-30 03:24:05] with_slim_log.INFO: Response: 302 Found [] {"uid":"94df10e"}
[2019-05-30 03:24:05] with_slim_log.INFO: Request: GET  [] {"uid":"d72b05c"}
[2019-05-30 03:24:05] with_slim_log.INFO: Response: 200 OK [] {"uid":"d72b05c"}
[2019-05-30 03:24:33] with_slim_log.INFO: Request: POST  [] {"uid":"dedc360"}
[2019-05-30 03:24:33] with_slim_log.INFO: Response: 302 Found [] {"uid":"dedc360"}
[2019-05-30 03:24:33] with_slim_log.INFO: Request: GET  [] {"uid":"d2f80b3"}
[2019-05-30 03:24:33] with_slim_log.INFO: Response: 200 OK [] {"uid":"d2f80b3"}
[2019-05-30 03:24:37] with_slim_log.INFO: Request: GET  [] {"uid":"b030a7d"}
[2019-05-30 03:24:42] with_slim_log.INFO: Request: GET  [] {"uid":"e1e9083"}
[2019-05-30 03:24:42] with_slim_log.INFO: Response: 200 OK [] {"uid":"e1e9083"}
[2019-05-30 03:24:45] with_slim_log.INFO: Request: GET  [] {"uid":"756285c"}
[2019-05-30 03:24:45] with_slim_log.INFO: Response: 200 OK [] {"uid":"756285c"}
[2019-05-30 03:24:47] with_slim_log.INFO: Request: GET  [] {"uid":"3c96485"}
[2019-05-30 03:24:47] with_slim_log.INFO: Response: 200 OK [] {"uid":"3c96485"}
[2019-05-30 03:25:03] with_slim_log.INFO: Request: GET  [] {"uid":"ede60da"}
[2019-05-30 03:25:03] with_slim_log.INFO: Response: 200 OK [] {"uid":"ede60da"}
[2019-05-30 03:25:05] with_slim_log.INFO: Request: GET  [] {"uid":"f41e698"}
[2019-05-30 03:25:05] with_slim_log.INFO: Response: 200 OK [] {"uid":"f41e698"}
[2019-05-30 03:25:07] with_slim_log.INFO: Request: GET  [] {"uid":"478f9ae"}
[2019-05-30 03:25:07] with_slim_log.INFO: Response: 200 OK [] {"uid":"478f9ae"}
[2019-05-30 03:25:09] with_slim_log.INFO: Request: GET  [] {"uid":"40c4c27"}
[2019-05-30 03:25:09] with_slim_log.INFO: Response: 302 Found [] {"uid":"40c4c27"}
[2019-05-30 03:25:09] with_slim_log.INFO: Request: GET  [] {"uid":"b6566e4"}
[2019-05-30 03:25:09] with_slim_log.INFO: Response: 200 OK [] {"uid":"b6566e4"}
[2019-05-30 03:26:28] with_slim_log.INFO: Request: GET  [] {"uid":"788a9da"}
[2019-05-30 03:26:28] with_slim_log.INFO: Response: 200 OK [] {"uid":"788a9da"}
[2019-05-30 03:28:48] with_slim_log.INFO: Request: GET  [] {"uid":"7ede608"}
[2019-05-30 03:28:48] with_slim_log.INFO: Response: 200 OK [] {"uid":"7ede608"}
[2019-05-30 03:29:11] with_slim_log.INFO: Request: GET  [] {"uid":"2a7aef0"}
[2019-05-30 03:29:11] with_slim_log.INFO: Response: 200 OK [] {"uid":"2a7aef0"}
[2019-05-30 03:29:13] with_slim_log.INFO: Request: GET  [] {"uid":"0b19218"}
[2019-05-30 03:29:13] with_slim_log.INFO: Response: 200 OK [] {"uid":"0b19218"}
[2019-05-30 03:29:18] with_slim_log.INFO: Request: GET  [] {"uid":"0e6b81b"}
[2019-05-30 03:29:18] with_slim_log.INFO: Response: 200 OK [] {"uid":"0e6b81b"}
[2019-05-30 03:29:21] with_slim_log.INFO: Request: GET  [] {"uid":"230442a"}
[2019-05-30 03:29:21] with_slim_log.INFO: Response: 200 OK [] {"uid":"230442a"}
[2019-05-30 03:30:06] with_slim_log.INFO: Request: GET  [] {"uid":"268a904"}
[2019-05-30 03:30:06] with_slim_log.INFO: Response: 200 OK [] {"uid":"268a904"}
[2019-05-30 03:30:08] with_slim_log.INFO: Request: GET  [] {"uid":"7adf6bf"}
[2019-05-30 03:30:08] with_slim_log.INFO: Response: 200 OK [] {"uid":"7adf6bf"}
[2019-05-30 03:30:10] with_slim_log.INFO: Request: GET  [] {"uid":"f078933"}
[2019-05-30 03:30:10] with_slim_log.INFO: Response: 200 OK [] {"uid":"f078933"}
[2019-05-30 03:30:14] with_slim_log.INFO: Request: GET  [] {"uid":"bcfc154"}
[2019-05-30 03:30:14] with_slim_log.INFO: Response: 200 OK [] {"uid":"bcfc154"}
[2019-05-30 03:30:52] with_slim_log.INFO: Request: GET  [] {"uid":"c668c5b"}
[2019-05-30 03:30:52] with_slim_log.INFO: Response: 200 OK [] {"uid":"c668c5b"}
[2019-05-30 03:30:59] with_slim_log.INFO: Request: GET  [] {"uid":"ea0a099"}
[2019-05-30 03:30:59] with_slim_log.INFO: Response: 200 OK [] {"uid":"ea0a099"}
[2019-05-30 03:31:01] with_slim_log.INFO: Request: GET  [] {"uid":"1416313"}
[2019-05-30 03:31:01] with_slim_log.INFO: Response: 200 OK [] {"uid":"1416313"}
[2019-05-30 03:31:08] with_slim_log.INFO: Request: GET  [] {"uid":"b37371d"}
[2019-05-30 03:31:08] with_slim_log.INFO: Response: 200 OK [] {"uid":"b37371d"}
[2019-05-30 03:31:14] with_slim_log.INFO: Request: GET  [] {"uid":"56857c5"}
[2019-05-30 03:31:14] with_slim_log.INFO: Response: 200 OK [] {"uid":"56857c5"}
[2019-05-30 03:31:20] with_slim_log.INFO: Request: GET  [] {"uid":"4949d78"}
[2019-05-30 03:31:20] with_slim_log.INFO: Response: 200 OK [] {"uid":"4949d78"}
[2019-05-30 03:31:25] with_slim_log.INFO: Request: GET  [] {"uid":"0451d7a"}
[2019-05-30 03:31:25] with_slim_log.INFO: Response: 200 OK [] {"uid":"0451d7a"}
[2019-05-30 03:32:29] with_slim_log.INFO: Request: GET  [] {"uid":"c862a8d"}
[2019-05-30 03:32:29] with_slim_log.INFO: Response: 200 OK [] {"uid":"c862a8d"}
[2019-05-30 03:32:31] with_slim_log.INFO: Request: GET  [] {"uid":"d944d1b"}
[2019-05-30 03:32:31] with_slim_log.INFO: Response: 200 OK [] {"uid":"d944d1b"}
[2019-05-30 03:32:33] with_slim_log.INFO: Request: GET  [] {"uid":"6135899"}
[2019-05-30 03:32:33] with_slim_log.INFO: Response: 200 OK [] {"uid":"6135899"}
[2019-05-30 03:32:36] with_slim_log.INFO: Request: GET  [] {"uid":"c25a8fa"}
[2019-05-30 03:32:36] with_slim_log.INFO: Response: 200 OK [] {"uid":"c25a8fa"}
[2019-05-30 03:32:40] with_slim_log.INFO: Request: GET  [] {"uid":"d341547"}
[2019-05-30 03:32:40] with_slim_log.INFO: Response: 200 OK [] {"uid":"d341547"}
[2019-05-30 03:32:46] with_slim_log.INFO: Request: GET  [] {"uid":"f5f7784"}
[2019-05-30 03:32:46] with_slim_log.INFO: Response: 200 OK [] {"uid":"f5f7784"}
[2019-05-30 03:33:01] with_slim_log.INFO: Request: GET  [] {"uid":"37820df"}
[2019-05-30 03:33:01] with_slim_log.INFO: Response: 200 OK [] {"uid":"37820df"}
[2019-05-30 03:33:06] with_slim_log.INFO: Request: POST  [] {"uid":"74478a3"}
[2019-05-30 03:33:07] with_slim_log.INFO: Response: 302 Found [] {"uid":"74478a3"}
[2019-05-30 03:33:07] with_slim_log.INFO: Request: GET  [] {"uid":"1da1fdd"}
[2019-05-30 03:33:07] with_slim_log.INFO: Response: 200 OK [] {"uid":"1da1fdd"}
[2019-05-30 03:33:29] with_slim_log.INFO: Request: GET  [] {"uid":"30f5bdd"}
[2019-05-30 03:33:29] with_slim_log.INFO: Response: 200 OK [] {"uid":"30f5bdd"}
[2019-05-30 03:33:30] with_slim_log.INFO: Request: GET  [] {"uid":"ceb4e46"}
[2019-05-30 03:33:30] with_slim_log.INFO: Response: 200 OK [] {"uid":"ceb4e46"}
[2019-05-30 03:33:37] with_slim_log.INFO: Request: GET  [] {"uid":"113698c"}
[2019-05-30 03:33:37] with_slim_log.INFO: Response: 200 OK [] {"uid":"113698c"}
[2019-05-30 03:34:32] with_slim_log.INFO: Request: GET  [] {"uid":"cf2af53"}
[2019-05-30 03:34:32] with_slim_log.INFO: Response: 200 OK [] {"uid":"cf2af53"}
[2019-05-30 03:34:35] with_slim_log.INFO: Request: GET  [] {"uid":"4231bc2"}
[2019-05-30 03:34:35] with_slim_log.INFO: Response: 200 OK [] {"uid":"4231bc2"}
[2019-05-30 03:34:38] with_slim_log.INFO: Request: GET  [] {"uid":"669ca3a"}
[2019-05-30 03:34:38] with_slim_log.INFO: Response: 200 OK [] {"uid":"669ca3a"}
[2019-05-30 03:34:41] with_slim_log.INFO: Request: GET  [] {"uid":"6d432ab"}
[2019-05-30 03:34:41] with_slim_log.INFO: Response: 200 OK [] {"uid":"6d432ab"}
[2019-05-30 03:34:43] with_slim_log.INFO: Request: GET  [] {"uid":"e021b34"}
[2019-05-30 03:34:43] with_slim_log.INFO: Response: 200 OK [] {"uid":"e021b34"}
[2019-05-30 03:34:45] with_slim_log.INFO: Request: GET  [] {"uid":"9bda91f"}
[2019-05-30 03:34:45] with_slim_log.INFO: Response: 200 OK [] {"uid":"9bda91f"}
[2019-05-30 03:34:55] with_slim_log.INFO: Request: GET  [] {"uid":"e1d6a37"}
[2019-05-30 03:34:55] with_slim_log.INFO: Response: 200 OK [] {"uid":"e1d6a37"}
[2019-05-30 03:40:36] with_slim_log.INFO: Request: GET  [] {"uid":"4d0db4e"}
[2019-05-30 03:40:43] with_slim_log.INFO: Request: GET  [] {"uid":"d742733"}
[2019-05-30 03:40:48] with_slim_log.INFO: Request: GET  [] {"uid":"04359be"}
[2019-05-30 03:40:54] with_slim_log.INFO: Request: GET  [] {"uid":"66ae6b8"}
[2019-05-30 03:44:35] with_slim_log.INFO: Request: GET  [] {"uid":"b99c5cc"}
[2019-05-30 03:44:39] with_slim_log.INFO: Request: GET  [] {"uid":"bb82837"}
[2019-05-30 03:45:19] with_slim_log.INFO: Request: GET  [] {"uid":"04a150e"}
[2019-05-30 03:46:01] with_slim_log.INFO: Request: GET  [] {"uid":"d5f39fb"}
[2019-05-30 03:50:51] with_slim_log.INFO: Request: GET  [] {"uid":"74dd92e"}
[2019-05-30 03:50:51] with_slim_log.INFO: Response: 200 OK [] {"uid":"74dd92e"}
[2019-05-30 03:50:53] with_slim_log.INFO: Request: GET  [] {"uid":"f899c75"}
[2019-05-30 03:50:53] with_slim_log.INFO: Response: 200 OK [] {"uid":"f899c75"}
[2019-05-30 03:50:54] with_slim_log.INFO: Request: GET  [] {"uid":"9c7b2c4"}
[2019-05-30 03:50:54] with_slim_log.INFO: Response: 200 OK [] {"uid":"9c7b2c4"}
[2019-05-30 03:51:03] with_slim_log.INFO: Request: GET  [] {"uid":"ddb6a62"}
[2019-05-30 03:51:03] with_slim_log.INFO: Response: 200 OK [] {"uid":"ddb6a62"}
[2019-05-30 03:51:04] with_slim_log.INFO: Request: GET  [] {"uid":"b968cac"}
[2019-05-30 03:51:04] with_slim_log.INFO: Response: 200 OK [] {"uid":"b968cac"}
[2019-05-30 03:51:07] with_slim_log.INFO: Request: GET  [] {"uid":"90cbd5b"}
[2019-05-30 03:51:07] with_slim_log.INFO: Response: 200 OK [] {"uid":"90cbd5b"}
[2019-05-30 03:52:18] with_slim_log.INFO: Request: GET  [] {"uid":"9634cc2"}
[2019-05-30 03:52:18] with_slim_log.INFO: Response: 200 OK [] {"uid":"9634cc2"}
[2019-05-30 03:52:46] with_slim_log.INFO: Request: GET  [] {"uid":"a204fd2"}
[2019-05-30 03:52:46] with_slim_log.INFO: Response: 200 OK [] {"uid":"a204fd2"}
[2019-05-30 03:52:47] with_slim_log.INFO: Request: GET  [] {"uid":"3ca42ae"}
[2019-05-30 03:52:47] with_slim_log.INFO: Response: 200 OK [] {"uid":"3ca42ae"}
[2019-05-30 03:53:16] with_slim_log.INFO: Request: GET  [] {"uid":"8b8d5c7"}
[2019-05-30 03:53:16] with_slim_log.INFO: Response: 200 OK [] {"uid":"8b8d5c7"}
[2019-05-30 03:53:30] with_slim_log.INFO: Request: GET  [] {"uid":"7034ac2"}
[2019-05-30 03:53:30] with_slim_log.INFO: Response: 200 OK [] {"uid":"7034ac2"}
[2019-05-30 03:53:44] with_slim_log.INFO: Request: GET  [] {"uid":"613213b"}
[2019-05-30 03:53:44] with_slim_log.INFO: Response: 200 OK [] {"uid":"613213b"}
[2019-05-30 03:53:50] with_slim_log.INFO: Request: GET  [] {"uid":"e6db5e8"}
[2019-05-30 03:53:50] with_slim_log.INFO: Response: 200 OK [] {"uid":"e6db5e8"}
[2019-05-30 03:53:57] with_slim_log.INFO: Request: GET  [] {"uid":"522914a"}
[2019-05-30 03:53:57] with_slim_log.INFO: Response: 200 OK [] {"uid":"522914a"}
[2019-05-30 03:54:12] with_slim_log.INFO: Request: GET  [] {"uid":"18f8eb4"}
[2019-05-30 03:54:16] with_slim_log.INFO: Request: GET  [] {"uid":"6bb0afe"}
[2019-05-30 03:54:16] with_slim_log.INFO: Response: 200 OK [] {"uid":"6bb0afe"}
[2019-05-30 03:54:48] with_slim_log.INFO: Request: GET  [] {"uid":"177a247"}
[2019-05-30 03:54:48] with_slim_log.INFO: Response: 200 OK [] {"uid":"177a247"}
[2019-05-30 03:54:56] with_slim_log.INFO: Request: GET  [] {"uid":"47b4a2b"}
[2019-05-30 03:54:56] with_slim_log.INFO: Response: 200 OK [] {"uid":"47b4a2b"}
[2019-05-30 03:55:06] with_slim_log.INFO: Request: GET  [] {"uid":"ba0cb64"}
[2019-05-30 03:55:06] with_slim_log.INFO: Response: 303 See Other [] {"uid":"ba0cb64"}
[2019-05-30 03:55:06] with_slim_log.INFO: Request: GET  [] {"uid":"c94e61d"}
[2019-05-30 03:55:06] with_slim_log.INFO: Response: 302 Found [] {"uid":"c94e61d"}
[2019-05-30 03:55:06] with_slim_log.INFO: Request: GET  [] {"uid":"7f4b04c"}
[2019-05-30 03:55:06] with_slim_log.INFO: Response: 200 OK [] {"uid":"7f4b04c"}
[2019-05-30 03:56:51] with_slim_log.INFO: Request: GET  [] {"uid":"52e11bc"}
[2019-05-30 03:56:51] with_slim_log.INFO: Response: 200 OK [] {"uid":"52e11bc"}
[2019-05-30 03:57:08] with_slim_log.INFO: Request: GET  [] {"uid":"d06bfaf"}
[2019-05-30 03:57:12] with_slim_log.INFO: Request: GET  [] {"uid":"87b406a"}
[2019-05-30 03:57:16] with_slim_log.INFO: Request: GET  [] {"uid":"9b4ba42"}
[2019-05-30 03:58:06] with_slim_log.INFO: Request: GET  [] {"uid":"85c24bd"}
[2019-05-30 03:58:06] with_slim_log.INFO: Response: 200 OK [] {"uid":"85c24bd"}
[2019-05-30 03:58:40] with_slim_log.INFO: Request: GET  [] {"uid":"16cb65c"}
[2019-05-30 03:58:40] with_slim_log.INFO: Response: 200 OK [] {"uid":"16cb65c"}
[2019-05-30 03:58:50] with_slim_log.INFO: Request: GET  [] {"uid":"74b6a82"}
[2019-05-30 03:58:50] with_slim_log.INFO: Response: 200 OK [] {"uid":"74b6a82"}
[2019-05-30 03:59:03] with_slim_log.INFO: Request: GET  [] {"uid":"7350c33"}
[2019-05-30 03:59:03] with_slim_log.INFO: Response: 200 OK [] {"uid":"7350c33"}
[2019-05-30 03:59:08] with_slim_log.INFO: Request: GET  [] {"uid":"cb49ad4"}
[2019-05-30 03:59:08] with_slim_log.INFO: Response: 200 OK [] {"uid":"cb49ad4"}
[2019-05-30 03:59:14] with_slim_log.INFO: Request: GET  [] {"uid":"083c036"}
[2019-05-30 03:59:14] with_slim_log.INFO: Response: 200 OK [] {"uid":"083c036"}
[2019-05-30 03:59:16] with_slim_log.INFO: Request: GET  [] {"uid":"59720ae"}
[2019-05-30 03:59:16] with_slim_log.INFO: Response: 200 OK [] {"uid":"59720ae"}
[2019-05-30 03:59:22] with_slim_log.INFO: Request: GET  [] {"uid":"b23e3c9"}
[2019-05-30 03:59:22] with_slim_log.INFO: Response: 200 OK [] {"uid":"b23e3c9"}
[2019-05-30 03:59:26] with_slim_log.INFO: Request: GET  [] {"uid":"ee45d6b"}
[2019-05-30 03:59:26] with_slim_log.INFO: Response: 200 OK [] {"uid":"ee45d6b"}
[2019-05-30 03:59:35] with_slim_log.INFO: Request: GET  [] {"uid":"372085d"}
[2019-05-30 03:59:35] with_slim_log.INFO: Response: 200 OK [] {"uid":"372085d"}
[2019-05-30 03:59:45] with_slim_log.INFO: Request: GET  [] {"uid":"8fc845c"}
[2019-05-30 03:59:45] with_slim_log.INFO: Response: 200 OK [] {"uid":"8fc845c"}
[2019-05-30 03:59:47] with_slim_log.INFO: Request: GET  [] {"uid":"c0976be"}
[2019-05-30 03:59:47] with_slim_log.INFO: Response: 200 OK [] {"uid":"c0976be"}
[2019-05-30 04:01:34] with_slim_log.INFO: Request: GET  [] {"uid":"00faf0b"}
[2019-05-30 04:01:34] with_slim_log.INFO: Response: 200 OK [] {"uid":"00faf0b"}
[2019-05-30 04:01:35] with_slim_log.INFO: Request: GET  [] {"uid":"8b35480"}
[2019-05-30 04:01:35] with_slim_log.INFO: Response: 200 OK [] {"uid":"8b35480"}
[2019-05-30 04:01:38] with_slim_log.INFO: Request: GET  [] {"uid":"2dbe567"}
[2019-05-30 04:01:38] with_slim_log.INFO: Response: 200 OK [] {"uid":"2dbe567"}
[2019-05-30 04:01:39] with_slim_log.INFO: Request: GET  [] {"uid":"ac9de10"}
[2019-05-30 04:01:39] with_slim_log.INFO: Response: 200 OK [] {"uid":"ac9de10"}
[2019-05-30 04:09:40] with_slim_log.INFO: Request: GET  [] {"uid":"d989fbe"}
[2019-05-30 04:09:40] with_slim_log.INFO: Response: 200 OK [] {"uid":"d989fbe"}
[2019-05-30 04:10:22] with_slim_log.INFO: Request: GET  [] {"uid":"3e135a7"}
[2019-05-30 04:10:22] with_slim_log.INFO: Response: 200 OK [] {"uid":"3e135a7"}
[2019-05-30 04:10:24] with_slim_log.INFO: Request: GET  [] {"uid":"1f85482"}
[2019-05-30 04:10:24] with_slim_log.INFO: Response: 200 OK [] {"uid":"1f85482"}
[2019-05-30 04:10:26] with_slim_log.INFO: Request: GET  [] {"uid":"4b99ec2"}
[2019-05-30 04:10:26] with_slim_log.INFO: Response: 200 OK [] {"uid":"4b99ec2"}
[2019-05-30 04:10:30] with_slim_log.INFO: Request: GET  [] {"uid":"8dfa856"}
[2019-05-30 04:10:30] with_slim_log.INFO: Response: 200 OK [] {"uid":"8dfa856"}
[2019-05-30 04:11:57] with_slim_log.INFO: Request: GET  [] {"uid":"1848c6c"}
[2019-05-30 04:11:57] with_slim_log.INFO: Response: 200 OK [] {"uid":"1848c6c"}
[2019-05-30 04:11:57] with_slim_log.INFO: Request: GET  [] {"uid":"04fcb2e"}
[2019-05-30 04:11:57] with_slim_log.INFO: Response: 200 OK [] {"uid":"04fcb2e"}
[2019-05-30 04:11:58] with_slim_log.INFO: Request: GET  [] {"uid":"57609f4"}
[2019-05-30 04:11:58] with_slim_log.INFO: Response: 200 OK [] {"uid":"57609f4"}
[2019-05-30 04:12:02] with_slim_log.INFO: Request: GET  [] {"uid":"175bb8a"}
[2019-05-30 04:12:02] with_slim_log.INFO: Response: 200 OK [] {"uid":"175bb8a"}
[2019-05-30 04:12:03] with_slim_log.INFO: Request: GET  [] {"uid":"bd7719c"}
[2019-05-30 04:12:03] with_slim_log.INFO: Response: 200 OK [] {"uid":"bd7719c"}
